<?xml version="1.0" encoding="UTF-8"?>
<testng-results skipped="0" failed="11" ignored="0" total="13" passed="2">
  <reporter-output>
  </reporter-output>
  <suite name="Default suite" duration-ms="21906" started-at="2020-05-10T22:34:34 IST" finished-at="2020-05-10T22:34:55 IST">
    <groups>
    </groups>
    <test name="Default test" duration-ms="21906" started-at="2020-05-10T22:34:34 IST" finished-at="2020-05-10T22:34:55 IST">
      <class name="shopclue_testcase">
        <test-method status="PASS" signature="beforeMethod()[pri:0, instance:shopclue_testcase@3108bc]" name="beforeMethod" is-config="true" duration-ms="16" started-at="2020-05-10T22:34:34 IST" finished-at="2020-05-10T22:34:34 IST">
          <reporter-output>
          </reporter-output>
        </test-method> <!-- beforeMethod -->
        <test-method status="FAIL" signature="assertURLocator()[pri:0, instance:shopclue_testcase@3108bc]" name="assertURLocator" duration-ms="3472" started-at="2020-05-10T22:34:34 IST" finished-at="2020-05-10T22:34:37 IST">
          <exception class="org.openqa.selenium.SessionNotCreatedException">
            <message>
              <![CDATA[session not created: This version of ChromeDriver only supports Chrome version 79
Build info: version: '3.141.59', revision: 'e82be7d358', time: '2018-11-14T08:25:53'
System info: host: 'OCEAN', ip: '192.168.33.1', os.name: 'Windows 10', os.arch: 'amd64', os.version: '10.0', java.version: '1.8.0_191'
Driver info: driver.version: ChromeDriver
remote stacktrace: Backtrace:
Ordinal0 [0x00B6A113+1548563]
Ordinal0 [0x00AEDDA1+1039777]
Ordinal0 [0x00A6E485+517253]
Ordinal0 [0x009FFD34+64820]
Ordinal0 [0x009FC61E+50718]
Ordinal0 [0x00A1B797+178071]
Ordinal0 [0x00A1B59D+177565]
Ordinal0 [0x00A195FB+169467]
Ordinal0 [0x00A0160A+71178]
Ordinal0 [0x00A02690+75408]
Ordinal0 [0x00A02629+75305]
Ordinal0 [0x00B071B7+1143223]
GetHandleVerifier [0x00C02B46+507814]
GetHandleVerifier [0x00C02864+507076]
GetHandleVerifier [0x00C09F47+537511]
GetHandleVerifier [0x00C03402+510050]
Ordinal0 [0x00AFF29C+1110684]
Ordinal0 [0x00B0938B+1151883]
Ordinal0 [0x00B094F3+1152243]
Ordinal0 [0x00B083F5+1147893]
BaseThreadInitThunk [0x76186359+25]
RtlGetAppContainerNamedObjectPath [0x77E67C14+228]
RtlGetAppContainerNamedObjectPath [0x77E67BE4+180]
]]>
            </message>
            <full-stacktrace>
              <![CDATA[org.openqa.selenium.SessionNotCreatedException: session not created: This version of ChromeDriver only supports Chrome version 79
Build info: version: '3.141.59', revision: 'e82be7d358', time: '2018-11-14T08:25:53'
System info: host: 'OCEAN', ip: '192.168.33.1', os.name: 'Windows 10', os.arch: 'amd64', os.version: '10.0', java.version: '1.8.0_191'
Driver info: driver.version: ChromeDriver
remote stacktrace: Backtrace:
Ordinal0 [0x00B6A113+1548563]
Ordinal0 [0x00AEDDA1+1039777]
Ordinal0 [0x00A6E485+517253]
Ordinal0 [0x009FFD34+64820]
Ordinal0 [0x009FC61E+50718]
Ordinal0 [0x00A1B797+178071]
Ordinal0 [0x00A1B59D+177565]
Ordinal0 [0x00A195FB+169467]
Ordinal0 [0x00A0160A+71178]
Ordinal0 [0x00A02690+75408]
Ordinal0 [0x00A02629+75305]
Ordinal0 [0x00B071B7+1143223]
GetHandleVerifier [0x00C02B46+507814]
GetHandleVerifier [0x00C02864+507076]
GetHandleVerifier [0x00C09F47+537511]
GetHandleVerifier [0x00C03402+510050]
Ordinal0 [0x00AFF29C+1110684]
Ordinal0 [0x00B0938B+1151883]
Ordinal0 [0x00B094F3+1152243]
Ordinal0 [0x00B083F5+1147893]
BaseThreadInitThunk [0x76186359+25]
RtlGetAppContainerNamedObjectPath [0x77E67C14+228]
RtlGetAppContainerNamedObjectPath [0x77E67BE4+180]

at sun.reflect.NativeConstructorAccessorImpl.newInstance0(Native Method)
at sun.reflect.NativeConstructorAccessorImpl.newInstance(NativeConstructorAccessorImpl.java:62)
at sun.reflect.DelegatingConstructorAccessorImpl.newInstance(DelegatingConstructorAccessorImpl.java:45)
at java.lang.reflect.Constructor.newInstance(Constructor.java:423)
at org.openqa.selenium.remote.W3CHandshakeResponse.lambda$errorHandler$0(W3CHandshakeResponse.java:62)
at org.openqa.selenium.remote.HandshakeResponse.lambda$getResponseFunction$0(HandshakeResponse.java:30)
at org.openqa.selenium.remote.ProtocolHandshake.lambda$createSession$0(ProtocolHandshake.java:126)
at java.util.stream.ReferencePipeline$3$1.accept(ReferencePipeline.java:193)
at java.util.Spliterators$ArraySpliterator.tryAdvance(Spliterators.java:958)
at java.util.stream.ReferencePipeline.forEachWithCancel(ReferencePipeline.java:126)
at java.util.stream.AbstractPipeline.copyIntoWithCancel(AbstractPipeline.java:498)
at java.util.stream.AbstractPipeline.copyInto(AbstractPipeline.java:485)
at java.util.stream.AbstractPipeline.wrapAndCopyInto(AbstractPipeline.java:471)
at java.util.stream.FindOps$FindOp.evaluateSequential(FindOps.java:152)
at java.util.stream.AbstractPipeline.evaluate(AbstractPipeline.java:234)
at java.util.stream.ReferencePipeline.findFirst(ReferencePipeline.java:464)
at org.openqa.selenium.remote.ProtocolHandshake.createSession(ProtocolHandshake.java:128)
at org.openqa.selenium.remote.ProtocolHandshake.createSession(ProtocolHandshake.java:74)
at org.openqa.selenium.remote.HttpCommandExecutor.execute(HttpCommandExecutor.java:136)
at org.openqa.selenium.remote.service.DriverCommandExecutor.execute(DriverCommandExecutor.java:83)
at org.openqa.selenium.remote.RemoteWebDriver.execute(RemoteWebDriver.java:552)
at org.openqa.selenium.remote.RemoteWebDriver.startSession(RemoteWebDriver.java:213)
at org.openqa.selenium.remote.RemoteWebDriver.<init>(RemoteWebDriver.java:131)
at org.openqa.selenium.chrome.ChromeDriver.<init>(ChromeDriver.java:181)
at org.openqa.selenium.chrome.ChromeDriver.<init>(ChromeDriver.java:168)
at org.openqa.selenium.chrome.ChromeDriver.<init>(ChromeDriver.java:123)
at shopclue_testcase.assertURLocator(shopclue_testcase.java:31)
at sun.reflect.NativeMethodAccessorImpl.invoke0(Native Method)
at sun.reflect.NativeMethodAccessorImpl.invoke(NativeMethodAccessorImpl.java:62)
at sun.reflect.DelegatingMethodAccessorImpl.invoke(DelegatingMethodAccessorImpl.java:43)
at java.lang.reflect.Method.invoke(Method.java:498)
at org.testng.internal.MethodInvocationHelper.invokeMethod(MethodInvocationHelper.java:133)
at org.testng.internal.TestInvoker.invokeMethod(TestInvoker.java:584)
at org.testng.internal.TestInvoker.invokeTestMethod(TestInvoker.java:172)
at org.testng.internal.MethodRunner.runInSequence(MethodRunner.java:46)
at org.testng.internal.TestInvoker$MethodInvocationAgent.invoke(TestInvoker.java:804)
at org.testng.internal.TestInvoker.invokeTestMethods(TestInvoker.java:145)
at org.testng.internal.TestMethodWorker.invokeTestMethods(TestMethodWorker.java:146)
at org.testng.internal.TestMethodWorker.run(TestMethodWorker.java:128)
at java.util.ArrayList.forEach(ArrayList.java:1257)
at org.testng.TestRunner.privateRun(TestRunner.java:770)
at org.testng.TestRunner.run(TestRunner.java:591)
at org.testng.SuiteRunner.runTest(SuiteRunner.java:402)
at org.testng.SuiteRunner.runSequentially(SuiteRunner.java:396)
at org.testng.SuiteRunner.privateRun(SuiteRunner.java:355)
at org.testng.SuiteRunner.run(SuiteRunner.java:304)
at org.testng.SuiteRunnerWorker.runSuite(SuiteRunnerWorker.java:53)
at org.testng.SuiteRunnerWorker.run(SuiteRunnerWorker.java:96)
at org.testng.TestNG.runSuitesSequentially(TestNG.java:1180)
at org.testng.TestNG.runSuitesLocally(TestNG.java:1102)
at org.testng.TestNG.runSuites(TestNG.java:1032)
at org.testng.TestNG.run(TestNG.java:1000)
at org.testng.remote.AbstractRemoteTestNG.run(AbstractRemoteTestNG.java:115)
at org.testng.remote.RemoteTestNG.initAndRun(RemoteTestNG.java:251)
at org.testng.remote.RemoteTestNG.main(RemoteTestNG.java:77)
]]>
            </full-stacktrace>
          </exception> <!-- org.openqa.selenium.SessionNotCreatedException -->
          <reporter-output>
          </reporter-output>
        </test-method> <!-- assertURLocator -->
        <test-method status="PASS" signature="afterMethod()[pri:0, instance:shopclue_testcase@3108bc]" name="afterMethod" is-config="true" duration-ms="1" started-at="2020-05-10T22:34:37 IST" finished-at="2020-05-10T22:34:37 IST">
          <reporter-output>
          </reporter-output>
        </test-method> <!-- afterMethod -->
        <test-method status="PASS" signature="beforeMethod()[pri:0, instance:shopclue_testcase@3108bc]" name="beforeMethod" is-config="true" duration-ms="1" started-at="2020-05-10T22:34:37 IST" finished-at="2020-05-10T22:34:37 IST">
          <reporter-output>
          </reporter-output>
        </test-method> <!-- beforeMethod -->
        <test-method status="PASS" signature="execution(java.lang.String, java.lang.String)[pri:0, instance:shopclue_testcase@3108bc]" name="execution" duration-ms="3" started-at="2020-05-10T22:34:37 IST" data-provider="multipletestsinasinglefile" finished-at="2020-05-10T22:34:37 IST">
          <params>
            <param index="0">
              <value>
                <![CDATA[muditgarg1211@gmail.com]]>
              </value>
            </param>
            <param index="1">
              <value>
                <![CDATA[TestAutomation]]>
              </value>
            </param>
          </params>
          <reporter-output>
          </reporter-output>
        </test-method> <!-- execution -->
        <test-method status="PASS" signature="afterMethod()[pri:0, instance:shopclue_testcase@3108bc]" name="afterMethod" is-config="true" duration-ms="1" started-at="2020-05-10T22:34:37 IST" finished-at="2020-05-10T22:34:37 IST">
          <reporter-output>
          </reporter-output>
        </test-method> <!-- afterMethod -->
        <test-method status="PASS" signature="beforeMethod()[pri:0, instance:shopclue_testcase@3108bc]" name="beforeMethod" is-config="true" duration-ms="0" started-at="2020-05-10T22:34:37 IST" finished-at="2020-05-10T22:34:37 IST">
          <reporter-output>
          </reporter-output>
        </test-method> <!-- beforeMethod -->
        <test-method status="PASS" signature="execution(java.lang.String, java.lang.String)[pri:0, instance:shopclue_testcase@3108bc]" name="execution" duration-ms="1" started-at="2020-05-10T22:34:37 IST" data-provider="multipletestsinasinglefile" finished-at="2020-05-10T22:34:37 IST">
          <params>
            <param index="0">
              <value>
                <![CDATA[rachitchauhan2000@gmail.com]]>
              </value>
            </param>
            <param index="1">
              <value>
                <![CDATA[HelloWorld]]>
              </value>
            </param>
          </params>
          <reporter-output>
          </reporter-output>
        </test-method> <!-- execution -->
        <test-method status="PASS" signature="beforeMethod()[pri:0, instance:shopclue_testcase@3108bc]" name="beforeMethod" is-config="true" duration-ms="0" started-at="2020-05-10T22:34:37 IST" finished-at="2020-05-10T22:34:37 IST">
          <reporter-output>
          </reporter-output>
        </test-method> <!-- beforeMethod -->
        <test-method status="PASS" signature="afterMethod()[pri:0, instance:shopclue_testcase@3108bc]" name="afterMethod" is-config="true" duration-ms="0" started-at="2020-05-10T22:34:37 IST" finished-at="2020-05-10T22:34:37 IST">
          <reporter-output>
          </reporter-output>
        </test-method> <!-- afterMethod -->
        <test-method status="FAIL" signature="testcase1()[pri:0, instance:shopclue_testcase@3108bc]" name="testcase1" duration-ms="2169" started-at="2020-05-10T22:34:37 IST" finished-at="2020-05-10T22:34:39 IST">
          <exception class="org.openqa.selenium.SessionNotCreatedException">
            <message>
              <![CDATA[session not created: This version of ChromeDriver only supports Chrome version 79
Build info: version: '3.141.59', revision: 'e82be7d358', time: '2018-11-14T08:25:53'
System info: host: 'OCEAN', ip: '192.168.33.1', os.name: 'Windows 10', os.arch: 'amd64', os.version: '10.0', java.version: '1.8.0_191'
Driver info: driver.version: ChromeDriver
remote stacktrace: Backtrace:
Ordinal0 [0x00B6A113+1548563]
Ordinal0 [0x00AEDDA1+1039777]
Ordinal0 [0x00A6E485+517253]
Ordinal0 [0x009FFD34+64820]
Ordinal0 [0x009FC61E+50718]
Ordinal0 [0x00A1B797+178071]
Ordinal0 [0x00A1B59D+177565]
Ordinal0 [0x00A195FB+169467]
Ordinal0 [0x00A0160A+71178]
Ordinal0 [0x00A02690+75408]
Ordinal0 [0x00A02629+75305]
Ordinal0 [0x00B071B7+1143223]
GetHandleVerifier [0x00C02B46+507814]
GetHandleVerifier [0x00C02864+507076]
GetHandleVerifier [0x00C09F47+537511]
GetHandleVerifier [0x00C03402+510050]
Ordinal0 [0x00AFF29C+1110684]
Ordinal0 [0x00B0938B+1151883]
Ordinal0 [0x00B094F3+1152243]
Ordinal0 [0x00B083F5+1147893]
BaseThreadInitThunk [0x76186359+25]
RtlGetAppContainerNamedObjectPath [0x77E67C14+228]
RtlGetAppContainerNamedObjectPath [0x77E67BE4+180]
]]>
            </message>
            <full-stacktrace>
              <![CDATA[org.openqa.selenium.SessionNotCreatedException: session not created: This version of ChromeDriver only supports Chrome version 79
Build info: version: '3.141.59', revision: 'e82be7d358', time: '2018-11-14T08:25:53'
System info: host: 'OCEAN', ip: '192.168.33.1', os.name: 'Windows 10', os.arch: 'amd64', os.version: '10.0', java.version: '1.8.0_191'
Driver info: driver.version: ChromeDriver
remote stacktrace: Backtrace:
Ordinal0 [0x00B6A113+1548563]
Ordinal0 [0x00AEDDA1+1039777]
Ordinal0 [0x00A6E485+517253]
Ordinal0 [0x009FFD34+64820]
Ordinal0 [0x009FC61E+50718]
Ordinal0 [0x00A1B797+178071]
Ordinal0 [0x00A1B59D+177565]
Ordinal0 [0x00A195FB+169467]
Ordinal0 [0x00A0160A+71178]
Ordinal0 [0x00A02690+75408]
Ordinal0 [0x00A02629+75305]
Ordinal0 [0x00B071B7+1143223]
GetHandleVerifier [0x00C02B46+507814]
GetHandleVerifier [0x00C02864+507076]
GetHandleVerifier [0x00C09F47+537511]
GetHandleVerifier [0x00C03402+510050]
Ordinal0 [0x00AFF29C+1110684]
Ordinal0 [0x00B0938B+1151883]
Ordinal0 [0x00B094F3+1152243]
Ordinal0 [0x00B083F5+1147893]
BaseThreadInitThunk [0x76186359+25]
RtlGetAppContainerNamedObjectPath [0x77E67C14+228]
RtlGetAppContainerNamedObjectPath [0x77E67BE4+180]

at sun.reflect.NativeConstructorAccessorImpl.newInstance0(Native Method)
at sun.reflect.NativeConstructorAccessorImpl.newInstance(NativeConstructorAccessorImpl.java:62)
at sun.reflect.DelegatingConstructorAccessorImpl.newInstance(DelegatingConstructorAccessorImpl.java:45)
at java.lang.reflect.Constructor.newInstance(Constructor.java:423)
at org.openqa.selenium.remote.W3CHandshakeResponse.lambda$errorHandler$0(W3CHandshakeResponse.java:62)
at org.openqa.selenium.remote.HandshakeResponse.lambda$getResponseFunction$0(HandshakeResponse.java:30)
at org.openqa.selenium.remote.ProtocolHandshake.lambda$createSession$0(ProtocolHandshake.java:126)
at java.util.stream.ReferencePipeline$3$1.accept(ReferencePipeline.java:193)
at java.util.Spliterators$ArraySpliterator.tryAdvance(Spliterators.java:958)
at java.util.stream.ReferencePipeline.forEachWithCancel(ReferencePipeline.java:126)
at java.util.stream.AbstractPipeline.copyIntoWithCancel(AbstractPipeline.java:498)
at java.util.stream.AbstractPipeline.copyInto(AbstractPipeline.java:485)
at java.util.stream.AbstractPipeline.wrapAndCopyInto(AbstractPipeline.java:471)
at java.util.stream.FindOps$FindOp.evaluateSequential(FindOps.java:152)
at java.util.stream.AbstractPipeline.evaluate(AbstractPipeline.java:234)
at java.util.stream.ReferencePipeline.findFirst(ReferencePipeline.java:464)
at org.openqa.selenium.remote.ProtocolHandshake.createSession(ProtocolHandshake.java:128)
at org.openqa.selenium.remote.ProtocolHandshake.createSession(ProtocolHandshake.java:74)
at org.openqa.selenium.remote.HttpCommandExecutor.execute(HttpCommandExecutor.java:136)
at org.openqa.selenium.remote.service.DriverCommandExecutor.execute(DriverCommandExecutor.java:83)
at org.openqa.selenium.remote.RemoteWebDriver.execute(RemoteWebDriver.java:552)
at org.openqa.selenium.remote.RemoteWebDriver.startSession(RemoteWebDriver.java:213)
at org.openqa.selenium.remote.RemoteWebDriver.<init>(RemoteWebDriver.java:131)
at org.openqa.selenium.chrome.ChromeDriver.<init>(ChromeDriver.java:181)
at org.openqa.selenium.chrome.ChromeDriver.<init>(ChromeDriver.java:168)
at org.openqa.selenium.chrome.ChromeDriver.<init>(ChromeDriver.java:123)
at shopclue_testcase.testcase1(shopclue_testcase.java:57)
at sun.reflect.NativeMethodAccessorImpl.invoke0(Native Method)
at sun.reflect.NativeMethodAccessorImpl.invoke(NativeMethodAccessorImpl.java:62)
at sun.reflect.DelegatingMethodAccessorImpl.invoke(DelegatingMethodAccessorImpl.java:43)
at java.lang.reflect.Method.invoke(Method.java:498)
at org.testng.internal.MethodInvocationHelper.invokeMethod(MethodInvocationHelper.java:133)
at org.testng.internal.TestInvoker.invokeMethod(TestInvoker.java:584)
at org.testng.internal.TestInvoker.invokeTestMethod(TestInvoker.java:172)
at org.testng.internal.MethodRunner.runInSequence(MethodRunner.java:46)
at org.testng.internal.TestInvoker$MethodInvocationAgent.invoke(TestInvoker.java:804)
at org.testng.internal.TestInvoker.invokeTestMethods(TestInvoker.java:145)
at org.testng.internal.TestMethodWorker.invokeTestMethods(TestMethodWorker.java:146)
at org.testng.internal.TestMethodWorker.run(TestMethodWorker.java:128)
at java.util.ArrayList.forEach(ArrayList.java:1257)
at org.testng.TestRunner.privateRun(TestRunner.java:770)
at org.testng.TestRunner.run(TestRunner.java:591)
at org.testng.SuiteRunner.runTest(SuiteRunner.java:402)
at org.testng.SuiteRunner.runSequentially(SuiteRunner.java:396)
at org.testng.SuiteRunner.privateRun(SuiteRunner.java:355)
at org.testng.SuiteRunner.run(SuiteRunner.java:304)
at org.testng.SuiteRunnerWorker.runSuite(SuiteRunnerWorker.java:53)
at org.testng.SuiteRunnerWorker.run(SuiteRunnerWorker.java:96)
at org.testng.TestNG.runSuitesSequentially(TestNG.java:1180)
at org.testng.TestNG.runSuitesLocally(TestNG.java:1102)
at org.testng.TestNG.runSuites(TestNG.java:1032)
at org.testng.TestNG.run(TestNG.java:1000)
at org.testng.remote.AbstractRemoteTestNG.run(AbstractRemoteTestNG.java:115)
at org.testng.remote.RemoteTestNG.initAndRun(RemoteTestNG.java:251)
at org.testng.remote.RemoteTestNG.main(RemoteTestNG.java:77)
]]>
            </full-stacktrace>
          </exception> <!-- org.openqa.selenium.SessionNotCreatedException -->
          <reporter-output>
          </reporter-output>
        </test-method> <!-- testcase1 -->
        <test-method status="PASS" signature="afterMethod()[pri:0, instance:shopclue_testcase@3108bc]" name="afterMethod" is-config="true" duration-ms="0" started-at="2020-05-10T22:34:39 IST" finished-at="2020-05-10T22:34:39 IST">
          <reporter-output>
          </reporter-output>
        </test-method> <!-- afterMethod -->
        <test-method status="PASS" signature="beforeMethod()[pri:0, instance:shopclue_testcase@3108bc]" name="beforeMethod" is-config="true" duration-ms="1" started-at="2020-05-10T22:34:39 IST" finished-at="2020-05-10T22:34:39 IST">
          <reporter-output>
          </reporter-output>
        </test-method> <!-- beforeMethod -->
        <test-method status="FAIL" signature="testcase2()[pri:0, instance:shopclue_testcase@3108bc]" name="testcase2" duration-ms="1758" started-at="2020-05-10T22:34:39 IST" finished-at="2020-05-10T22:34:41 IST">
          <exception class="org.openqa.selenium.SessionNotCreatedException">
            <message>
              <![CDATA[session not created: This version of ChromeDriver only supports Chrome version 79
Build info: version: '3.141.59', revision: 'e82be7d358', time: '2018-11-14T08:25:53'
System info: host: 'OCEAN', ip: '192.168.33.1', os.name: 'Windows 10', os.arch: 'amd64', os.version: '10.0', java.version: '1.8.0_191'
Driver info: driver.version: ChromeDriver
remote stacktrace: Backtrace:
Ordinal0 [0x00B6A113+1548563]
Ordinal0 [0x00AEDDA1+1039777]
Ordinal0 [0x00A6E485+517253]
Ordinal0 [0x009FFD34+64820]
Ordinal0 [0x009FC61E+50718]
Ordinal0 [0x00A1B797+178071]
Ordinal0 [0x00A1B59D+177565]
Ordinal0 [0x00A195FB+169467]
Ordinal0 [0x00A0160A+71178]
Ordinal0 [0x00A02690+75408]
Ordinal0 [0x00A02629+75305]
Ordinal0 [0x00B071B7+1143223]
GetHandleVerifier [0x00C02B46+507814]
GetHandleVerifier [0x00C02864+507076]
GetHandleVerifier [0x00C09F47+537511]
GetHandleVerifier [0x00C03402+510050]
Ordinal0 [0x00AFF29C+1110684]
Ordinal0 [0x00B0938B+1151883]
Ordinal0 [0x00B094F3+1152243]
Ordinal0 [0x00B083F5+1147893]
BaseThreadInitThunk [0x76186359+25]
RtlGetAppContainerNamedObjectPath [0x77E67C14+228]
RtlGetAppContainerNamedObjectPath [0x77E67BE4+180]
]]>
            </message>
            <full-stacktrace>
              <![CDATA[org.openqa.selenium.SessionNotCreatedException: session not created: This version of ChromeDriver only supports Chrome version 79
Build info: version: '3.141.59', revision: 'e82be7d358', time: '2018-11-14T08:25:53'
System info: host: 'OCEAN', ip: '192.168.33.1', os.name: 'Windows 10', os.arch: 'amd64', os.version: '10.0', java.version: '1.8.0_191'
Driver info: driver.version: ChromeDriver
remote stacktrace: Backtrace:
Ordinal0 [0x00B6A113+1548563]
Ordinal0 [0x00AEDDA1+1039777]
Ordinal0 [0x00A6E485+517253]
Ordinal0 [0x009FFD34+64820]
Ordinal0 [0x009FC61E+50718]
Ordinal0 [0x00A1B797+178071]
Ordinal0 [0x00A1B59D+177565]
Ordinal0 [0x00A195FB+169467]
Ordinal0 [0x00A0160A+71178]
Ordinal0 [0x00A02690+75408]
Ordinal0 [0x00A02629+75305]
Ordinal0 [0x00B071B7+1143223]
GetHandleVerifier [0x00C02B46+507814]
GetHandleVerifier [0x00C02864+507076]
GetHandleVerifier [0x00C09F47+537511]
GetHandleVerifier [0x00C03402+510050]
Ordinal0 [0x00AFF29C+1110684]
Ordinal0 [0x00B0938B+1151883]
Ordinal0 [0x00B094F3+1152243]
Ordinal0 [0x00B083F5+1147893]
BaseThreadInitThunk [0x76186359+25]
RtlGetAppContainerNamedObjectPath [0x77E67C14+228]
RtlGetAppContainerNamedObjectPath [0x77E67BE4+180]

at sun.reflect.NativeConstructorAccessorImpl.newInstance0(Native Method)
at sun.reflect.NativeConstructorAccessorImpl.newInstance(NativeConstructorAccessorImpl.java:62)
at sun.reflect.DelegatingConstructorAccessorImpl.newInstance(DelegatingConstructorAccessorImpl.java:45)
at java.lang.reflect.Constructor.newInstance(Constructor.java:423)
at org.openqa.selenium.remote.W3CHandshakeResponse.lambda$errorHandler$0(W3CHandshakeResponse.java:62)
at org.openqa.selenium.remote.HandshakeResponse.lambda$getResponseFunction$0(HandshakeResponse.java:30)
at org.openqa.selenium.remote.ProtocolHandshake.lambda$createSession$0(ProtocolHandshake.java:126)
at java.util.stream.ReferencePipeline$3$1.accept(ReferencePipeline.java:193)
at java.util.Spliterators$ArraySpliterator.tryAdvance(Spliterators.java:958)
at java.util.stream.ReferencePipeline.forEachWithCancel(ReferencePipeline.java:126)
at java.util.stream.AbstractPipeline.copyIntoWithCancel(AbstractPipeline.java:498)
at java.util.stream.AbstractPipeline.copyInto(AbstractPipeline.java:485)
at java.util.stream.AbstractPipeline.wrapAndCopyInto(AbstractPipeline.java:471)
at java.util.stream.FindOps$FindOp.evaluateSequential(FindOps.java:152)
at java.util.stream.AbstractPipeline.evaluate(AbstractPipeline.java:234)
at java.util.stream.ReferencePipeline.findFirst(ReferencePipeline.java:464)
at org.openqa.selenium.remote.ProtocolHandshake.createSession(ProtocolHandshake.java:128)
at org.openqa.selenium.remote.ProtocolHandshake.createSession(ProtocolHandshake.java:74)
at org.openqa.selenium.remote.HttpCommandExecutor.execute(HttpCommandExecutor.java:136)
at org.openqa.selenium.remote.service.DriverCommandExecutor.execute(DriverCommandExecutor.java:83)
at org.openqa.selenium.remote.RemoteWebDriver.execute(RemoteWebDriver.java:552)
at org.openqa.selenium.remote.RemoteWebDriver.startSession(RemoteWebDriver.java:213)
at org.openqa.selenium.remote.RemoteWebDriver.<init>(RemoteWebDriver.java:131)
at org.openqa.selenium.chrome.ChromeDriver.<init>(ChromeDriver.java:181)
at org.openqa.selenium.chrome.ChromeDriver.<init>(ChromeDriver.java:168)
at org.openqa.selenium.chrome.ChromeDriver.<init>(ChromeDriver.java:123)
at shopclue_testcase.testcase2(shopclue_testcase.java:75)
at sun.reflect.NativeMethodAccessorImpl.invoke0(Native Method)
at sun.reflect.NativeMethodAccessorImpl.invoke(NativeMethodAccessorImpl.java:62)
at sun.reflect.DelegatingMethodAccessorImpl.invoke(DelegatingMethodAccessorImpl.java:43)
at java.lang.reflect.Method.invoke(Method.java:498)
at org.testng.internal.MethodInvocationHelper.invokeMethod(MethodInvocationHelper.java:133)
at org.testng.internal.TestInvoker.invokeMethod(TestInvoker.java:584)
at org.testng.internal.TestInvoker.invokeTestMethod(TestInvoker.java:172)
at org.testng.internal.MethodRunner.runInSequence(MethodRunner.java:46)
at org.testng.internal.TestInvoker$MethodInvocationAgent.invoke(TestInvoker.java:804)
at org.testng.internal.TestInvoker.invokeTestMethods(TestInvoker.java:145)
at org.testng.internal.TestMethodWorker.invokeTestMethods(TestMethodWorker.java:146)
at org.testng.internal.TestMethodWorker.run(TestMethodWorker.java:128)
at java.util.ArrayList.forEach(ArrayList.java:1257)
at org.testng.TestRunner.privateRun(TestRunner.java:770)
at org.testng.TestRunner.run(TestRunner.java:591)
at org.testng.SuiteRunner.runTest(SuiteRunner.java:402)
at org.testng.SuiteRunner.runSequentially(SuiteRunner.java:396)
at org.testng.SuiteRunner.privateRun(SuiteRunner.java:355)
at org.testng.SuiteRunner.run(SuiteRunner.java:304)
at org.testng.SuiteRunnerWorker.runSuite(SuiteRunnerWorker.java:53)
at org.testng.SuiteRunnerWorker.run(SuiteRunnerWorker.java:96)
at org.testng.TestNG.runSuitesSequentially(TestNG.java:1180)
at org.testng.TestNG.runSuitesLocally(TestNG.java:1102)
at org.testng.TestNG.runSuites(TestNG.java:1032)
at org.testng.TestNG.run(TestNG.java:1000)
at org.testng.remote.AbstractRemoteTestNG.run(AbstractRemoteTestNG.java:115)
at org.testng.remote.RemoteTestNG.initAndRun(RemoteTestNG.java:251)
at org.testng.remote.RemoteTestNG.main(RemoteTestNG.java:77)
]]>
            </full-stacktrace>
          </exception> <!-- org.openqa.selenium.SessionNotCreatedException -->
          <reporter-output>
          </reporter-output>
        </test-method> <!-- testcase2 -->
        <test-method status="PASS" signature="afterMethod()[pri:0, instance:shopclue_testcase@3108bc]" name="afterMethod" is-config="true" duration-ms="0" started-at="2020-05-10T22:34:41 IST" finished-at="2020-05-10T22:34:41 IST">
          <reporter-output>
          </reporter-output>
        </test-method> <!-- afterMethod -->
        <test-method status="PASS" signature="beforeMethod()[pri:0, instance:shopclue_testcase@3108bc]" name="beforeMethod" is-config="true" duration-ms="1" started-at="2020-05-10T22:34:41 IST" finished-at="2020-05-10T22:34:41 IST">
          <reporter-output>
          </reporter-output>
        </test-method> <!-- beforeMethod -->
        <test-method status="FAIL" signature="testcase3()[pri:0, instance:shopclue_testcase@3108bc]" name="testcase3" duration-ms="1965" started-at="2020-05-10T22:34:41 IST" finished-at="2020-05-10T22:34:43 IST">
          <exception class="org.openqa.selenium.SessionNotCreatedException">
            <message>
              <![CDATA[session not created: This version of ChromeDriver only supports Chrome version 79
Build info: version: '3.141.59', revision: 'e82be7d358', time: '2018-11-14T08:25:53'
System info: host: 'OCEAN', ip: '192.168.33.1', os.name: 'Windows 10', os.arch: 'amd64', os.version: '10.0', java.version: '1.8.0_191'
Driver info: driver.version: ChromeDriver
remote stacktrace: Backtrace:
Ordinal0 [0x00B6A113+1548563]
Ordinal0 [0x00AEDDA1+1039777]
Ordinal0 [0x00A6E485+517253]
Ordinal0 [0x009FFD34+64820]
Ordinal0 [0x009FC61E+50718]
Ordinal0 [0x00A1B797+178071]
Ordinal0 [0x00A1B59D+177565]
Ordinal0 [0x00A195FB+169467]
Ordinal0 [0x00A0160A+71178]
Ordinal0 [0x00A02690+75408]
Ordinal0 [0x00A02629+75305]
Ordinal0 [0x00B071B7+1143223]
GetHandleVerifier [0x00C02B46+507814]
GetHandleVerifier [0x00C02864+507076]
GetHandleVerifier [0x00C09F47+537511]
GetHandleVerifier [0x00C03402+510050]
Ordinal0 [0x00AFF29C+1110684]
Ordinal0 [0x00B0938B+1151883]
Ordinal0 [0x00B094F3+1152243]
Ordinal0 [0x00B083F5+1147893]
BaseThreadInitThunk [0x76186359+25]
RtlGetAppContainerNamedObjectPath [0x77E67C14+228]
RtlGetAppContainerNamedObjectPath [0x77E67BE4+180]
]]>
            </message>
            <full-stacktrace>
              <![CDATA[org.openqa.selenium.SessionNotCreatedException: session not created: This version of ChromeDriver only supports Chrome version 79
Build info: version: '3.141.59', revision: 'e82be7d358', time: '2018-11-14T08:25:53'
System info: host: 'OCEAN', ip: '192.168.33.1', os.name: 'Windows 10', os.arch: 'amd64', os.version: '10.0', java.version: '1.8.0_191'
Driver info: driver.version: ChromeDriver
remote stacktrace: Backtrace:
Ordinal0 [0x00B6A113+1548563]
Ordinal0 [0x00AEDDA1+1039777]
Ordinal0 [0x00A6E485+517253]
Ordinal0 [0x009FFD34+64820]
Ordinal0 [0x009FC61E+50718]
Ordinal0 [0x00A1B797+178071]
Ordinal0 [0x00A1B59D+177565]
Ordinal0 [0x00A195FB+169467]
Ordinal0 [0x00A0160A+71178]
Ordinal0 [0x00A02690+75408]
Ordinal0 [0x00A02629+75305]
Ordinal0 [0x00B071B7+1143223]
GetHandleVerifier [0x00C02B46+507814]
GetHandleVerifier [0x00C02864+507076]
GetHandleVerifier [0x00C09F47+537511]
GetHandleVerifier [0x00C03402+510050]
Ordinal0 [0x00AFF29C+1110684]
Ordinal0 [0x00B0938B+1151883]
Ordinal0 [0x00B094F3+1152243]
Ordinal0 [0x00B083F5+1147893]
BaseThreadInitThunk [0x76186359+25]
RtlGetAppContainerNamedObjectPath [0x77E67C14+228]
RtlGetAppContainerNamedObjectPath [0x77E67BE4+180]

at sun.reflect.NativeConstructorAccessorImpl.newInstance0(Native Method)
at sun.reflect.NativeConstructorAccessorImpl.newInstance(NativeConstructorAccessorImpl.java:62)
at sun.reflect.DelegatingConstructorAccessorImpl.newInstance(DelegatingConstructorAccessorImpl.java:45)
at java.lang.reflect.Constructor.newInstance(Constructor.java:423)
at org.openqa.selenium.remote.W3CHandshakeResponse.lambda$errorHandler$0(W3CHandshakeResponse.java:62)
at org.openqa.selenium.remote.HandshakeResponse.lambda$getResponseFunction$0(HandshakeResponse.java:30)
at org.openqa.selenium.remote.ProtocolHandshake.lambda$createSession$0(ProtocolHandshake.java:126)
at java.util.stream.ReferencePipeline$3$1.accept(ReferencePipeline.java:193)
at java.util.Spliterators$ArraySpliterator.tryAdvance(Spliterators.java:958)
at java.util.stream.ReferencePipeline.forEachWithCancel(ReferencePipeline.java:126)
at java.util.stream.AbstractPipeline.copyIntoWithCancel(AbstractPipeline.java:498)
at java.util.stream.AbstractPipeline.copyInto(AbstractPipeline.java:485)
at java.util.stream.AbstractPipeline.wrapAndCopyInto(AbstractPipeline.java:471)
at java.util.stream.FindOps$FindOp.evaluateSequential(FindOps.java:152)
at java.util.stream.AbstractPipeline.evaluate(AbstractPipeline.java:234)
at java.util.stream.ReferencePipeline.findFirst(ReferencePipeline.java:464)
at org.openqa.selenium.remote.ProtocolHandshake.createSession(ProtocolHandshake.java:128)
at org.openqa.selenium.remote.ProtocolHandshake.createSession(ProtocolHandshake.java:74)
at org.openqa.selenium.remote.HttpCommandExecutor.execute(HttpCommandExecutor.java:136)
at org.openqa.selenium.remote.service.DriverCommandExecutor.execute(DriverCommandExecutor.java:83)
at org.openqa.selenium.remote.RemoteWebDriver.execute(RemoteWebDriver.java:552)
at org.openqa.selenium.remote.RemoteWebDriver.startSession(RemoteWebDriver.java:213)
at org.openqa.selenium.remote.RemoteWebDriver.<init>(RemoteWebDriver.java:131)
at org.openqa.selenium.chrome.ChromeDriver.<init>(ChromeDriver.java:181)
at org.openqa.selenium.chrome.ChromeDriver.<init>(ChromeDriver.java:168)
at org.openqa.selenium.chrome.ChromeDriver.<init>(ChromeDriver.java:123)
at shopclue_testcase.testcase3(shopclue_testcase.java:94)
at sun.reflect.NativeMethodAccessorImpl.invoke0(Native Method)
at sun.reflect.NativeMethodAccessorImpl.invoke(NativeMethodAccessorImpl.java:62)
at sun.reflect.DelegatingMethodAccessorImpl.invoke(DelegatingMethodAccessorImpl.java:43)
at java.lang.reflect.Method.invoke(Method.java:498)
at org.testng.internal.MethodInvocationHelper.invokeMethod(MethodInvocationHelper.java:133)
at org.testng.internal.TestInvoker.invokeMethod(TestInvoker.java:584)
at org.testng.internal.TestInvoker.invokeTestMethod(TestInvoker.java:172)
at org.testng.internal.MethodRunner.runInSequence(MethodRunner.java:46)
at org.testng.internal.TestInvoker$MethodInvocationAgent.invoke(TestInvoker.java:804)
at org.testng.internal.TestInvoker.invokeTestMethods(TestInvoker.java:145)
at org.testng.internal.TestMethodWorker.invokeTestMethods(TestMethodWorker.java:146)
at org.testng.internal.TestMethodWorker.run(TestMethodWorker.java:128)
at java.util.ArrayList.forEach(ArrayList.java:1257)
at org.testng.TestRunner.privateRun(TestRunner.java:770)
at org.testng.TestRunner.run(TestRunner.java:591)
at org.testng.SuiteRunner.runTest(SuiteRunner.java:402)
at org.testng.SuiteRunner.runSequentially(SuiteRunner.java:396)
at org.testng.SuiteRunner.privateRun(SuiteRunner.java:355)
at org.testng.SuiteRunner.run(SuiteRunner.java:304)
at org.testng.SuiteRunnerWorker.runSuite(SuiteRunnerWorker.java:53)
at org.testng.SuiteRunnerWorker.run(SuiteRunnerWorker.java:96)
at org.testng.TestNG.runSuitesSequentially(TestNG.java:1180)
at org.testng.TestNG.runSuitesLocally(TestNG.java:1102)
at org.testng.TestNG.runSuites(TestNG.java:1032)
at org.testng.TestNG.run(TestNG.java:1000)
at org.testng.remote.AbstractRemoteTestNG.run(AbstractRemoteTestNG.java:115)
at org.testng.remote.RemoteTestNG.initAndRun(RemoteTestNG.java:251)
at org.testng.remote.RemoteTestNG.main(RemoteTestNG.java:77)
]]>
            </full-stacktrace>
          </exception> <!-- org.openqa.selenium.SessionNotCreatedException -->
          <reporter-output>
          </reporter-output>
        </test-method> <!-- testcase3 -->
        <test-method status="PASS" signature="afterMethod()[pri:0, instance:shopclue_testcase@3108bc]" name="afterMethod" is-config="true" duration-ms="1" started-at="2020-05-10T22:34:43 IST" finished-at="2020-05-10T22:34:43 IST">
          <reporter-output>
          </reporter-output>
        </test-method> <!-- afterMethod -->
        <test-method status="PASS" signature="beforeMethod()[pri:0, instance:shopclue_testcase@3108bc]" name="beforeMethod" is-config="true" duration-ms="1" started-at="2020-05-10T22:34:43 IST" finished-at="2020-05-10T22:34:43 IST">
          <reporter-output>
          </reporter-output>
        </test-method> <!-- beforeMethod -->
        <test-method status="FAIL" signature="testcase4()[pri:0, instance:shopclue_testcase@3108bc]" name="testcase4" duration-ms="1742" started-at="2020-05-10T22:34:43 IST" finished-at="2020-05-10T22:34:45 IST">
          <exception class="org.openqa.selenium.SessionNotCreatedException">
            <message>
              <![CDATA[session not created: This version of ChromeDriver only supports Chrome version 79
Build info: version: '3.141.59', revision: 'e82be7d358', time: '2018-11-14T08:25:53'
System info: host: 'OCEAN', ip: '192.168.33.1', os.name: 'Windows 10', os.arch: 'amd64', os.version: '10.0', java.version: '1.8.0_191'
Driver info: driver.version: ChromeDriver
remote stacktrace: Backtrace:
Ordinal0 [0x00B6A113+1548563]
Ordinal0 [0x00AEDDA1+1039777]
Ordinal0 [0x00A6E485+517253]
Ordinal0 [0x009FFD34+64820]
Ordinal0 [0x009FC61E+50718]
Ordinal0 [0x00A1B797+178071]
Ordinal0 [0x00A1B59D+177565]
Ordinal0 [0x00A195FB+169467]
Ordinal0 [0x00A0160A+71178]
Ordinal0 [0x00A02690+75408]
Ordinal0 [0x00A02629+75305]
Ordinal0 [0x00B071B7+1143223]
GetHandleVerifier [0x00C02B46+507814]
GetHandleVerifier [0x00C02864+507076]
GetHandleVerifier [0x00C09F47+537511]
GetHandleVerifier [0x00C03402+510050]
Ordinal0 [0x00AFF29C+1110684]
Ordinal0 [0x00B0938B+1151883]
Ordinal0 [0x00B094F3+1152243]
Ordinal0 [0x00B083F5+1147893]
BaseThreadInitThunk [0x76186359+25]
RtlGetAppContainerNamedObjectPath [0x77E67C14+228]
RtlGetAppContainerNamedObjectPath [0x77E67BE4+180]
]]>
            </message>
            <full-stacktrace>
              <![CDATA[org.openqa.selenium.SessionNotCreatedException: session not created: This version of ChromeDriver only supports Chrome version 79
Build info: version: '3.141.59', revision: 'e82be7d358', time: '2018-11-14T08:25:53'
System info: host: 'OCEAN', ip: '192.168.33.1', os.name: 'Windows 10', os.arch: 'amd64', os.version: '10.0', java.version: '1.8.0_191'
Driver info: driver.version: ChromeDriver
remote stacktrace: Backtrace:
Ordinal0 [0x00B6A113+1548563]
Ordinal0 [0x00AEDDA1+1039777]
Ordinal0 [0x00A6E485+517253]
Ordinal0 [0x009FFD34+64820]
Ordinal0 [0x009FC61E+50718]
Ordinal0 [0x00A1B797+178071]
Ordinal0 [0x00A1B59D+177565]
Ordinal0 [0x00A195FB+169467]
Ordinal0 [0x00A0160A+71178]
Ordinal0 [0x00A02690+75408]
Ordinal0 [0x00A02629+75305]
Ordinal0 [0x00B071B7+1143223]
GetHandleVerifier [0x00C02B46+507814]
GetHandleVerifier [0x00C02864+507076]
GetHandleVerifier [0x00C09F47+537511]
GetHandleVerifier [0x00C03402+510050]
Ordinal0 [0x00AFF29C+1110684]
Ordinal0 [0x00B0938B+1151883]
Ordinal0 [0x00B094F3+1152243]
Ordinal0 [0x00B083F5+1147893]
BaseThreadInitThunk [0x76186359+25]
RtlGetAppContainerNamedObjectPath [0x77E67C14+228]
RtlGetAppContainerNamedObjectPath [0x77E67BE4+180]

at sun.reflect.NativeConstructorAccessorImpl.newInstance0(Native Method)
at sun.reflect.NativeConstructorAccessorImpl.newInstance(NativeConstructorAccessorImpl.java:62)
at sun.reflect.DelegatingConstructorAccessorImpl.newInstance(DelegatingConstructorAccessorImpl.java:45)
at java.lang.reflect.Constructor.newInstance(Constructor.java:423)
at org.openqa.selenium.remote.W3CHandshakeResponse.lambda$errorHandler$0(W3CHandshakeResponse.java:62)
at org.openqa.selenium.remote.HandshakeResponse.lambda$getResponseFunction$0(HandshakeResponse.java:30)
at org.openqa.selenium.remote.ProtocolHandshake.lambda$createSession$0(ProtocolHandshake.java:126)
at java.util.stream.ReferencePipeline$3$1.accept(ReferencePipeline.java:193)
at java.util.Spliterators$ArraySpliterator.tryAdvance(Spliterators.java:958)
at java.util.stream.ReferencePipeline.forEachWithCancel(ReferencePipeline.java:126)
at java.util.stream.AbstractPipeline.copyIntoWithCancel(AbstractPipeline.java:498)
at java.util.stream.AbstractPipeline.copyInto(AbstractPipeline.java:485)
at java.util.stream.AbstractPipeline.wrapAndCopyInto(AbstractPipeline.java:471)
at java.util.stream.FindOps$FindOp.evaluateSequential(FindOps.java:152)
at java.util.stream.AbstractPipeline.evaluate(AbstractPipeline.java:234)
at java.util.stream.ReferencePipeline.findFirst(ReferencePipeline.java:464)
at org.openqa.selenium.remote.ProtocolHandshake.createSession(ProtocolHandshake.java:128)
at org.openqa.selenium.remote.ProtocolHandshake.createSession(ProtocolHandshake.java:74)
at org.openqa.selenium.remote.HttpCommandExecutor.execute(HttpCommandExecutor.java:136)
at org.openqa.selenium.remote.service.DriverCommandExecutor.execute(DriverCommandExecutor.java:83)
at org.openqa.selenium.remote.RemoteWebDriver.execute(RemoteWebDriver.java:552)
at org.openqa.selenium.remote.RemoteWebDriver.startSession(RemoteWebDriver.java:213)
at org.openqa.selenium.remote.RemoteWebDriver.<init>(RemoteWebDriver.java:131)
at org.openqa.selenium.chrome.ChromeDriver.<init>(ChromeDriver.java:181)
at org.openqa.selenium.chrome.ChromeDriver.<init>(ChromeDriver.java:168)
at org.openqa.selenium.chrome.ChromeDriver.<init>(ChromeDriver.java:123)
at shopclue_testcase.testcase4(shopclue_testcase.java:114)
at sun.reflect.NativeMethodAccessorImpl.invoke0(Native Method)
at sun.reflect.NativeMethodAccessorImpl.invoke(NativeMethodAccessorImpl.java:62)
at sun.reflect.DelegatingMethodAccessorImpl.invoke(DelegatingMethodAccessorImpl.java:43)
at java.lang.reflect.Method.invoke(Method.java:498)
at org.testng.internal.MethodInvocationHelper.invokeMethod(MethodInvocationHelper.java:133)
at org.testng.internal.TestInvoker.invokeMethod(TestInvoker.java:584)
at org.testng.internal.TestInvoker.invokeTestMethod(TestInvoker.java:172)
at org.testng.internal.MethodRunner.runInSequence(MethodRunner.java:46)
at org.testng.internal.TestInvoker$MethodInvocationAgent.invoke(TestInvoker.java:804)
at org.testng.internal.TestInvoker.invokeTestMethods(TestInvoker.java:145)
at org.testng.internal.TestMethodWorker.invokeTestMethods(TestMethodWorker.java:146)
at org.testng.internal.TestMethodWorker.run(TestMethodWorker.java:128)
at java.util.ArrayList.forEach(ArrayList.java:1257)
at org.testng.TestRunner.privateRun(TestRunner.java:770)
at org.testng.TestRunner.run(TestRunner.java:591)
at org.testng.SuiteRunner.runTest(SuiteRunner.java:402)
at org.testng.SuiteRunner.runSequentially(SuiteRunner.java:396)
at org.testng.SuiteRunner.privateRun(SuiteRunner.java:355)
at org.testng.SuiteRunner.run(SuiteRunner.java:304)
at org.testng.SuiteRunnerWorker.runSuite(SuiteRunnerWorker.java:53)
at org.testng.SuiteRunnerWorker.run(SuiteRunnerWorker.java:96)
at org.testng.TestNG.runSuitesSequentially(TestNG.java:1180)
at org.testng.TestNG.runSuitesLocally(TestNG.java:1102)
at org.testng.TestNG.runSuites(TestNG.java:1032)
at org.testng.TestNG.run(TestNG.java:1000)
at org.testng.remote.AbstractRemoteTestNG.run(AbstractRemoteTestNG.java:115)
at org.testng.remote.RemoteTestNG.initAndRun(RemoteTestNG.java:251)
at org.testng.remote.RemoteTestNG.main(RemoteTestNG.java:77)
]]>
            </full-stacktrace>
          </exception> <!-- org.openqa.selenium.SessionNotCreatedException -->
          <reporter-output>
          </reporter-output>
        </test-method> <!-- testcase4 -->
        <test-method status="PASS" signature="afterMethod()[pri:0, instance:shopclue_testcase@3108bc]" name="afterMethod" is-config="true" duration-ms="1" started-at="2020-05-10T22:34:45 IST" finished-at="2020-05-10T22:34:45 IST">
          <reporter-output>
          </reporter-output>
        </test-method> <!-- afterMethod -->
        <test-method status="PASS" signature="beforeMethod()[pri:0, instance:shopclue_testcase@3108bc]" name="beforeMethod" is-config="true" duration-ms="1" started-at="2020-05-10T22:34:45 IST" finished-at="2020-05-10T22:34:45 IST">
          <reporter-output>
          </reporter-output>
        </test-method> <!-- beforeMethod -->
        <test-method status="FAIL" signature="testcase5()[pri:0, instance:shopclue_testcase@3108bc]" name="testcase5" duration-ms="1944" started-at="2020-05-10T22:34:45 IST" finished-at="2020-05-10T22:34:47 IST">
          <exception class="org.openqa.selenium.SessionNotCreatedException">
            <message>
              <![CDATA[session not created: This version of ChromeDriver only supports Chrome version 79
Build info: version: '3.141.59', revision: 'e82be7d358', time: '2018-11-14T08:25:53'
System info: host: 'OCEAN', ip: '192.168.33.1', os.name: 'Windows 10', os.arch: 'amd64', os.version: '10.0', java.version: '1.8.0_191'
Driver info: driver.version: ChromeDriver
remote stacktrace: Backtrace:
Ordinal0 [0x00B6A113+1548563]
Ordinal0 [0x00AEDDA1+1039777]
Ordinal0 [0x00A6E485+517253]
Ordinal0 [0x009FFD34+64820]
Ordinal0 [0x009FC61E+50718]
Ordinal0 [0x00A1B797+178071]
Ordinal0 [0x00A1B59D+177565]
Ordinal0 [0x00A195FB+169467]
Ordinal0 [0x00A0160A+71178]
Ordinal0 [0x00A02690+75408]
Ordinal0 [0x00A02629+75305]
Ordinal0 [0x00B071B7+1143223]
GetHandleVerifier [0x00C02B46+507814]
GetHandleVerifier [0x00C02864+507076]
GetHandleVerifier [0x00C09F47+537511]
GetHandleVerifier [0x00C03402+510050]
Ordinal0 [0x00AFF29C+1110684]
Ordinal0 [0x00B0938B+1151883]
Ordinal0 [0x00B094F3+1152243]
Ordinal0 [0x00B083F5+1147893]
BaseThreadInitThunk [0x76186359+25]
RtlGetAppContainerNamedObjectPath [0x77E67C14+228]
RtlGetAppContainerNamedObjectPath [0x77E67BE4+180]
]]>
            </message>
            <full-stacktrace>
              <![CDATA[org.openqa.selenium.SessionNotCreatedException: session not created: This version of ChromeDriver only supports Chrome version 79
Build info: version: '3.141.59', revision: 'e82be7d358', time: '2018-11-14T08:25:53'
System info: host: 'OCEAN', ip: '192.168.33.1', os.name: 'Windows 10', os.arch: 'amd64', os.version: '10.0', java.version: '1.8.0_191'
Driver info: driver.version: ChromeDriver
remote stacktrace: Backtrace:
Ordinal0 [0x00B6A113+1548563]
Ordinal0 [0x00AEDDA1+1039777]
Ordinal0 [0x00A6E485+517253]
Ordinal0 [0x009FFD34+64820]
Ordinal0 [0x009FC61E+50718]
Ordinal0 [0x00A1B797+178071]
Ordinal0 [0x00A1B59D+177565]
Ordinal0 [0x00A195FB+169467]
Ordinal0 [0x00A0160A+71178]
Ordinal0 [0x00A02690+75408]
Ordinal0 [0x00A02629+75305]
Ordinal0 [0x00B071B7+1143223]
GetHandleVerifier [0x00C02B46+507814]
GetHandleVerifier [0x00C02864+507076]
GetHandleVerifier [0x00C09F47+537511]
GetHandleVerifier [0x00C03402+510050]
Ordinal0 [0x00AFF29C+1110684]
Ordinal0 [0x00B0938B+1151883]
Ordinal0 [0x00B094F3+1152243]
Ordinal0 [0x00B083F5+1147893]
BaseThreadInitThunk [0x76186359+25]
RtlGetAppContainerNamedObjectPath [0x77E67C14+228]
RtlGetAppContainerNamedObjectPath [0x77E67BE4+180]

at sun.reflect.NativeConstructorAccessorImpl.newInstance0(Native Method)
at sun.reflect.NativeConstructorAccessorImpl.newInstance(NativeConstructorAccessorImpl.java:62)
at sun.reflect.DelegatingConstructorAccessorImpl.newInstance(DelegatingConstructorAccessorImpl.java:45)
at java.lang.reflect.Constructor.newInstance(Constructor.java:423)
at org.openqa.selenium.remote.W3CHandshakeResponse.lambda$errorHandler$0(W3CHandshakeResponse.java:62)
at org.openqa.selenium.remote.HandshakeResponse.lambda$getResponseFunction$0(HandshakeResponse.java:30)
at org.openqa.selenium.remote.ProtocolHandshake.lambda$createSession$0(ProtocolHandshake.java:126)
at java.util.stream.ReferencePipeline$3$1.accept(ReferencePipeline.java:193)
at java.util.Spliterators$ArraySpliterator.tryAdvance(Spliterators.java:958)
at java.util.stream.ReferencePipeline.forEachWithCancel(ReferencePipeline.java:126)
at java.util.stream.AbstractPipeline.copyIntoWithCancel(AbstractPipeline.java:498)
at java.util.stream.AbstractPipeline.copyInto(AbstractPipeline.java:485)
at java.util.stream.AbstractPipeline.wrapAndCopyInto(AbstractPipeline.java:471)
at java.util.stream.FindOps$FindOp.evaluateSequential(FindOps.java:152)
at java.util.stream.AbstractPipeline.evaluate(AbstractPipeline.java:234)
at java.util.stream.ReferencePipeline.findFirst(ReferencePipeline.java:464)
at org.openqa.selenium.remote.ProtocolHandshake.createSession(ProtocolHandshake.java:128)
at org.openqa.selenium.remote.ProtocolHandshake.createSession(ProtocolHandshake.java:74)
at org.openqa.selenium.remote.HttpCommandExecutor.execute(HttpCommandExecutor.java:136)
at org.openqa.selenium.remote.service.DriverCommandExecutor.execute(DriverCommandExecutor.java:83)
at org.openqa.selenium.remote.RemoteWebDriver.execute(RemoteWebDriver.java:552)
at org.openqa.selenium.remote.RemoteWebDriver.startSession(RemoteWebDriver.java:213)
at org.openqa.selenium.remote.RemoteWebDriver.<init>(RemoteWebDriver.java:131)
at org.openqa.selenium.chrome.ChromeDriver.<init>(ChromeDriver.java:181)
at org.openqa.selenium.chrome.ChromeDriver.<init>(ChromeDriver.java:168)
at org.openqa.selenium.chrome.ChromeDriver.<init>(ChromeDriver.java:123)
at shopclue_testcase.testcase5(shopclue_testcase.java:136)
at sun.reflect.NativeMethodAccessorImpl.invoke0(Native Method)
at sun.reflect.NativeMethodAccessorImpl.invoke(NativeMethodAccessorImpl.java:62)
at sun.reflect.DelegatingMethodAccessorImpl.invoke(DelegatingMethodAccessorImpl.java:43)
at java.lang.reflect.Method.invoke(Method.java:498)
at org.testng.internal.MethodInvocationHelper.invokeMethod(MethodInvocationHelper.java:133)
at org.testng.internal.TestInvoker.invokeMethod(TestInvoker.java:584)
at org.testng.internal.TestInvoker.invokeTestMethod(TestInvoker.java:172)
at org.testng.internal.MethodRunner.runInSequence(MethodRunner.java:46)
at org.testng.internal.TestInvoker$MethodInvocationAgent.invoke(TestInvoker.java:804)
at org.testng.internal.TestInvoker.invokeTestMethods(TestInvoker.java:145)
at org.testng.internal.TestMethodWorker.invokeTestMethods(TestMethodWorker.java:146)
at org.testng.internal.TestMethodWorker.run(TestMethodWorker.java:128)
at java.util.ArrayList.forEach(ArrayList.java:1257)
at org.testng.TestRunner.privateRun(TestRunner.java:770)
at org.testng.TestRunner.run(TestRunner.java:591)
at org.testng.SuiteRunner.runTest(SuiteRunner.java:402)
at org.testng.SuiteRunner.runSequentially(SuiteRunner.java:396)
at org.testng.SuiteRunner.privateRun(SuiteRunner.java:355)
at org.testng.SuiteRunner.run(SuiteRunner.java:304)
at org.testng.SuiteRunnerWorker.runSuite(SuiteRunnerWorker.java:53)
at org.testng.SuiteRunnerWorker.run(SuiteRunnerWorker.java:96)
at org.testng.TestNG.runSuitesSequentially(TestNG.java:1180)
at org.testng.TestNG.runSuitesLocally(TestNG.java:1102)
at org.testng.TestNG.runSuites(TestNG.java:1032)
at org.testng.TestNG.run(TestNG.java:1000)
at org.testng.remote.AbstractRemoteTestNG.run(AbstractRemoteTestNG.java:115)
at org.testng.remote.RemoteTestNG.initAndRun(RemoteTestNG.java:251)
at org.testng.remote.RemoteTestNG.main(RemoteTestNG.java:77)
]]>
            </full-stacktrace>
          </exception> <!-- org.openqa.selenium.SessionNotCreatedException -->
          <reporter-output>
          </reporter-output>
        </test-method> <!-- testcase5 -->
        <test-method status="PASS" signature="afterMethod()[pri:0, instance:shopclue_testcase@3108bc]" name="afterMethod" is-config="true" duration-ms="0" started-at="2020-05-10T22:34:47 IST" finished-at="2020-05-10T22:34:47 IST">
          <reporter-output>
          </reporter-output>
        </test-method> <!-- afterMethod -->
        <test-method status="PASS" signature="beforeMethod()[pri:0, instance:shopclue_testcase@3108bc]" name="beforeMethod" is-config="true" duration-ms="5" started-at="2020-05-10T22:34:47 IST" finished-at="2020-05-10T22:34:47 IST">
          <reporter-output>
          </reporter-output>
        </test-method> <!-- beforeMethod -->
        <test-method status="FAIL" signature="testcase6()[pri:0, instance:shopclue_testcase@3108bc]" name="testcase6" duration-ms="1608" started-at="2020-05-10T22:34:47 IST" finished-at="2020-05-10T22:34:48 IST">
          <exception class="org.openqa.selenium.SessionNotCreatedException">
            <message>
              <![CDATA[session not created: This version of ChromeDriver only supports Chrome version 79
Build info: version: '3.141.59', revision: 'e82be7d358', time: '2018-11-14T08:25:53'
System info: host: 'OCEAN', ip: '192.168.33.1', os.name: 'Windows 10', os.arch: 'amd64', os.version: '10.0', java.version: '1.8.0_191'
Driver info: driver.version: ChromeDriver
remote stacktrace: Backtrace:
Ordinal0 [0x00B6A113+1548563]
Ordinal0 [0x00AEDDA1+1039777]
Ordinal0 [0x00A6E485+517253]
Ordinal0 [0x009FFD34+64820]
Ordinal0 [0x009FC61E+50718]
Ordinal0 [0x00A1B797+178071]
Ordinal0 [0x00A1B59D+177565]
Ordinal0 [0x00A195FB+169467]
Ordinal0 [0x00A0160A+71178]
Ordinal0 [0x00A02690+75408]
Ordinal0 [0x00A02629+75305]
Ordinal0 [0x00B071B7+1143223]
GetHandleVerifier [0x00C02B46+507814]
GetHandleVerifier [0x00C02864+507076]
GetHandleVerifier [0x00C09F47+537511]
GetHandleVerifier [0x00C03402+510050]
Ordinal0 [0x00AFF29C+1110684]
Ordinal0 [0x00B0938B+1151883]
Ordinal0 [0x00B094F3+1152243]
Ordinal0 [0x00B083F5+1147893]
BaseThreadInitThunk [0x76186359+25]
RtlGetAppContainerNamedObjectPath [0x77E67C14+228]
RtlGetAppContainerNamedObjectPath [0x77E67BE4+180]
]]>
            </message>
            <full-stacktrace>
              <![CDATA[org.openqa.selenium.SessionNotCreatedException: session not created: This version of ChromeDriver only supports Chrome version 79
Build info: version: '3.141.59', revision: 'e82be7d358', time: '2018-11-14T08:25:53'
System info: host: 'OCEAN', ip: '192.168.33.1', os.name: 'Windows 10', os.arch: 'amd64', os.version: '10.0', java.version: '1.8.0_191'
Driver info: driver.version: ChromeDriver
remote stacktrace: Backtrace:
Ordinal0 [0x00B6A113+1548563]
Ordinal0 [0x00AEDDA1+1039777]
Ordinal0 [0x00A6E485+517253]
Ordinal0 [0x009FFD34+64820]
Ordinal0 [0x009FC61E+50718]
Ordinal0 [0x00A1B797+178071]
Ordinal0 [0x00A1B59D+177565]
Ordinal0 [0x00A195FB+169467]
Ordinal0 [0x00A0160A+71178]
Ordinal0 [0x00A02690+75408]
Ordinal0 [0x00A02629+75305]
Ordinal0 [0x00B071B7+1143223]
GetHandleVerifier [0x00C02B46+507814]
GetHandleVerifier [0x00C02864+507076]
GetHandleVerifier [0x00C09F47+537511]
GetHandleVerifier [0x00C03402+510050]
Ordinal0 [0x00AFF29C+1110684]
Ordinal0 [0x00B0938B+1151883]
Ordinal0 [0x00B094F3+1152243]
Ordinal0 [0x00B083F5+1147893]
BaseThreadInitThunk [0x76186359+25]
RtlGetAppContainerNamedObjectPath [0x77E67C14+228]
RtlGetAppContainerNamedObjectPath [0x77E67BE4+180]

at sun.reflect.NativeConstructorAccessorImpl.newInstance0(Native Method)
at sun.reflect.NativeConstructorAccessorImpl.newInstance(NativeConstructorAccessorImpl.java:62)
at sun.reflect.DelegatingConstructorAccessorImpl.newInstance(DelegatingConstructorAccessorImpl.java:45)
at java.lang.reflect.Constructor.newInstance(Constructor.java:423)
at org.openqa.selenium.remote.W3CHandshakeResponse.lambda$errorHandler$0(W3CHandshakeResponse.java:62)
at org.openqa.selenium.remote.HandshakeResponse.lambda$getResponseFunction$0(HandshakeResponse.java:30)
at org.openqa.selenium.remote.ProtocolHandshake.lambda$createSession$0(ProtocolHandshake.java:126)
at java.util.stream.ReferencePipeline$3$1.accept(ReferencePipeline.java:193)
at java.util.Spliterators$ArraySpliterator.tryAdvance(Spliterators.java:958)
at java.util.stream.ReferencePipeline.forEachWithCancel(ReferencePipeline.java:126)
at java.util.stream.AbstractPipeline.copyIntoWithCancel(AbstractPipeline.java:498)
at java.util.stream.AbstractPipeline.copyInto(AbstractPipeline.java:485)
at java.util.stream.AbstractPipeline.wrapAndCopyInto(AbstractPipeline.java:471)
at java.util.stream.FindOps$FindOp.evaluateSequential(FindOps.java:152)
at java.util.stream.AbstractPipeline.evaluate(AbstractPipeline.java:234)
at java.util.stream.ReferencePipeline.findFirst(ReferencePipeline.java:464)
at org.openqa.selenium.remote.ProtocolHandshake.createSession(ProtocolHandshake.java:128)
at org.openqa.selenium.remote.ProtocolHandshake.createSession(ProtocolHandshake.java:74)
at org.openqa.selenium.remote.HttpCommandExecutor.execute(HttpCommandExecutor.java:136)
at org.openqa.selenium.remote.service.DriverCommandExecutor.execute(DriverCommandExecutor.java:83)
at org.openqa.selenium.remote.RemoteWebDriver.execute(RemoteWebDriver.java:552)
at org.openqa.selenium.remote.RemoteWebDriver.startSession(RemoteWebDriver.java:213)
at org.openqa.selenium.remote.RemoteWebDriver.<init>(RemoteWebDriver.java:131)
at org.openqa.selenium.chrome.ChromeDriver.<init>(ChromeDriver.java:181)
at org.openqa.selenium.chrome.ChromeDriver.<init>(ChromeDriver.java:168)
at org.openqa.selenium.chrome.ChromeDriver.<init>(ChromeDriver.java:123)
at shopclue_testcase.testcase6(shopclue_testcase.java:155)
at sun.reflect.NativeMethodAccessorImpl.invoke0(Native Method)
at sun.reflect.NativeMethodAccessorImpl.invoke(NativeMethodAccessorImpl.java:62)
at sun.reflect.DelegatingMethodAccessorImpl.invoke(DelegatingMethodAccessorImpl.java:43)
at java.lang.reflect.Method.invoke(Method.java:498)
at org.testng.internal.MethodInvocationHelper.invokeMethod(MethodInvocationHelper.java:133)
at org.testng.internal.TestInvoker.invokeMethod(TestInvoker.java:584)
at org.testng.internal.TestInvoker.invokeTestMethod(TestInvoker.java:172)
at org.testng.internal.MethodRunner.runInSequence(MethodRunner.java:46)
at org.testng.internal.TestInvoker$MethodInvocationAgent.invoke(TestInvoker.java:804)
at org.testng.internal.TestInvoker.invokeTestMethods(TestInvoker.java:145)
at org.testng.internal.TestMethodWorker.invokeTestMethods(TestMethodWorker.java:146)
at org.testng.internal.TestMethodWorker.run(TestMethodWorker.java:128)
at java.util.ArrayList.forEach(ArrayList.java:1257)
at org.testng.TestRunner.privateRun(TestRunner.java:770)
at org.testng.TestRunner.run(TestRunner.java:591)
at org.testng.SuiteRunner.runTest(SuiteRunner.java:402)
at org.testng.SuiteRunner.runSequentially(SuiteRunner.java:396)
at org.testng.SuiteRunner.privateRun(SuiteRunner.java:355)
at org.testng.SuiteRunner.run(SuiteRunner.java:304)
at org.testng.SuiteRunnerWorker.runSuite(SuiteRunnerWorker.java:53)
at org.testng.SuiteRunnerWorker.run(SuiteRunnerWorker.java:96)
at org.testng.TestNG.runSuitesSequentially(TestNG.java:1180)
at org.testng.TestNG.runSuitesLocally(TestNG.java:1102)
at org.testng.TestNG.runSuites(TestNG.java:1032)
at org.testng.TestNG.run(TestNG.java:1000)
at org.testng.remote.AbstractRemoteTestNG.run(AbstractRemoteTestNG.java:115)
at org.testng.remote.RemoteTestNG.initAndRun(RemoteTestNG.java:251)
at org.testng.remote.RemoteTestNG.main(RemoteTestNG.java:77)
]]>
            </full-stacktrace>
          </exception> <!-- org.openqa.selenium.SessionNotCreatedException -->
          <reporter-output>
          </reporter-output>
        </test-method> <!-- testcase6 -->
        <test-method status="PASS" signature="afterMethod()[pri:0, instance:shopclue_testcase@3108bc]" name="afterMethod" is-config="true" duration-ms="1" started-at="2020-05-10T22:34:48 IST" finished-at="2020-05-10T22:34:48 IST">
          <reporter-output>
          </reporter-output>
        </test-method> <!-- afterMethod -->
        <test-method status="PASS" signature="beforeMethod()[pri:0, instance:shopclue_testcase@3108bc]" name="beforeMethod" is-config="true" duration-ms="1" started-at="2020-05-10T22:34:48 IST" finished-at="2020-05-10T22:34:48 IST">
          <reporter-output>
          </reporter-output>
        </test-method> <!-- beforeMethod -->
        <test-method status="FAIL" signature="testcase7()[pri:0, instance:shopclue_testcase@3108bc]" name="testcase7" duration-ms="1647" started-at="2020-05-10T22:34:48 IST" finished-at="2020-05-10T22:34:50 IST">
          <exception class="org.openqa.selenium.SessionNotCreatedException">
            <message>
              <![CDATA[session not created: This version of ChromeDriver only supports Chrome version 79
Build info: version: '3.141.59', revision: 'e82be7d358', time: '2018-11-14T08:25:53'
System info: host: 'OCEAN', ip: '192.168.33.1', os.name: 'Windows 10', os.arch: 'amd64', os.version: '10.0', java.version: '1.8.0_191'
Driver info: driver.version: ChromeDriver
remote stacktrace: Backtrace:
Ordinal0 [0x00B6A113+1548563]
Ordinal0 [0x00AEDDA1+1039777]
Ordinal0 [0x00A6E485+517253]
Ordinal0 [0x009FFD34+64820]
Ordinal0 [0x009FC61E+50718]
Ordinal0 [0x00A1B797+178071]
Ordinal0 [0x00A1B59D+177565]
Ordinal0 [0x00A195FB+169467]
Ordinal0 [0x00A0160A+71178]
Ordinal0 [0x00A02690+75408]
Ordinal0 [0x00A02629+75305]
Ordinal0 [0x00B071B7+1143223]
GetHandleVerifier [0x00C02B46+507814]
GetHandleVerifier [0x00C02864+507076]
GetHandleVerifier [0x00C09F47+537511]
GetHandleVerifier [0x00C03402+510050]
Ordinal0 [0x00AFF29C+1110684]
Ordinal0 [0x00B0938B+1151883]
Ordinal0 [0x00B094F3+1152243]
Ordinal0 [0x00B083F5+1147893]
BaseThreadInitThunk [0x76186359+25]
RtlGetAppContainerNamedObjectPath [0x77E67C14+228]
RtlGetAppContainerNamedObjectPath [0x77E67BE4+180]
]]>
            </message>
            <full-stacktrace>
              <![CDATA[org.openqa.selenium.SessionNotCreatedException: session not created: This version of ChromeDriver only supports Chrome version 79
Build info: version: '3.141.59', revision: 'e82be7d358', time: '2018-11-14T08:25:53'
System info: host: 'OCEAN', ip: '192.168.33.1', os.name: 'Windows 10', os.arch: 'amd64', os.version: '10.0', java.version: '1.8.0_191'
Driver info: driver.version: ChromeDriver
remote stacktrace: Backtrace:
Ordinal0 [0x00B6A113+1548563]
Ordinal0 [0x00AEDDA1+1039777]
Ordinal0 [0x00A6E485+517253]
Ordinal0 [0x009FFD34+64820]
Ordinal0 [0x009FC61E+50718]
Ordinal0 [0x00A1B797+178071]
Ordinal0 [0x00A1B59D+177565]
Ordinal0 [0x00A195FB+169467]
Ordinal0 [0x00A0160A+71178]
Ordinal0 [0x00A02690+75408]
Ordinal0 [0x00A02629+75305]
Ordinal0 [0x00B071B7+1143223]
GetHandleVerifier [0x00C02B46+507814]
GetHandleVerifier [0x00C02864+507076]
GetHandleVerifier [0x00C09F47+537511]
GetHandleVerifier [0x00C03402+510050]
Ordinal0 [0x00AFF29C+1110684]
Ordinal0 [0x00B0938B+1151883]
Ordinal0 [0x00B094F3+1152243]
Ordinal0 [0x00B083F5+1147893]
BaseThreadInitThunk [0x76186359+25]
RtlGetAppContainerNamedObjectPath [0x77E67C14+228]
RtlGetAppContainerNamedObjectPath [0x77E67BE4+180]

at sun.reflect.NativeConstructorAccessorImpl.newInstance0(Native Method)
at sun.reflect.NativeConstructorAccessorImpl.newInstance(NativeConstructorAccessorImpl.java:62)
at sun.reflect.DelegatingConstructorAccessorImpl.newInstance(DelegatingConstructorAccessorImpl.java:45)
at java.lang.reflect.Constructor.newInstance(Constructor.java:423)
at org.openqa.selenium.remote.W3CHandshakeResponse.lambda$errorHandler$0(W3CHandshakeResponse.java:62)
at org.openqa.selenium.remote.HandshakeResponse.lambda$getResponseFunction$0(HandshakeResponse.java:30)
at org.openqa.selenium.remote.ProtocolHandshake.lambda$createSession$0(ProtocolHandshake.java:126)
at java.util.stream.ReferencePipeline$3$1.accept(ReferencePipeline.java:193)
at java.util.Spliterators$ArraySpliterator.tryAdvance(Spliterators.java:958)
at java.util.stream.ReferencePipeline.forEachWithCancel(ReferencePipeline.java:126)
at java.util.stream.AbstractPipeline.copyIntoWithCancel(AbstractPipeline.java:498)
at java.util.stream.AbstractPipeline.copyInto(AbstractPipeline.java:485)
at java.util.stream.AbstractPipeline.wrapAndCopyInto(AbstractPipeline.java:471)
at java.util.stream.FindOps$FindOp.evaluateSequential(FindOps.java:152)
at java.util.stream.AbstractPipeline.evaluate(AbstractPipeline.java:234)
at java.util.stream.ReferencePipeline.findFirst(ReferencePipeline.java:464)
at org.openqa.selenium.remote.ProtocolHandshake.createSession(ProtocolHandshake.java:128)
at org.openqa.selenium.remote.ProtocolHandshake.createSession(ProtocolHandshake.java:74)
at org.openqa.selenium.remote.HttpCommandExecutor.execute(HttpCommandExecutor.java:136)
at org.openqa.selenium.remote.service.DriverCommandExecutor.execute(DriverCommandExecutor.java:83)
at org.openqa.selenium.remote.RemoteWebDriver.execute(RemoteWebDriver.java:552)
at org.openqa.selenium.remote.RemoteWebDriver.startSession(RemoteWebDriver.java:213)
at org.openqa.selenium.remote.RemoteWebDriver.<init>(RemoteWebDriver.java:131)
at org.openqa.selenium.chrome.ChromeDriver.<init>(ChromeDriver.java:181)
at org.openqa.selenium.chrome.ChromeDriver.<init>(ChromeDriver.java:168)
at org.openqa.selenium.chrome.ChromeDriver.<init>(ChromeDriver.java:123)
at shopclue_testcase.testcase7(shopclue_testcase.java:180)
at sun.reflect.NativeMethodAccessorImpl.invoke0(Native Method)
at sun.reflect.NativeMethodAccessorImpl.invoke(NativeMethodAccessorImpl.java:62)
at sun.reflect.DelegatingMethodAccessorImpl.invoke(DelegatingMethodAccessorImpl.java:43)
at java.lang.reflect.Method.invoke(Method.java:498)
at org.testng.internal.MethodInvocationHelper.invokeMethod(MethodInvocationHelper.java:133)
at org.testng.internal.TestInvoker.invokeMethod(TestInvoker.java:584)
at org.testng.internal.TestInvoker.invokeTestMethod(TestInvoker.java:172)
at org.testng.internal.MethodRunner.runInSequence(MethodRunner.java:46)
at org.testng.internal.TestInvoker$MethodInvocationAgent.invoke(TestInvoker.java:804)
at org.testng.internal.TestInvoker.invokeTestMethods(TestInvoker.java:145)
at org.testng.internal.TestMethodWorker.invokeTestMethods(TestMethodWorker.java:146)
at org.testng.internal.TestMethodWorker.run(TestMethodWorker.java:128)
at java.util.ArrayList.forEach(ArrayList.java:1257)
at org.testng.TestRunner.privateRun(TestRunner.java:770)
at org.testng.TestRunner.run(TestRunner.java:591)
at org.testng.SuiteRunner.runTest(SuiteRunner.java:402)
at org.testng.SuiteRunner.runSequentially(SuiteRunner.java:396)
at org.testng.SuiteRunner.privateRun(SuiteRunner.java:355)
at org.testng.SuiteRunner.run(SuiteRunner.java:304)
at org.testng.SuiteRunnerWorker.runSuite(SuiteRunnerWorker.java:53)
at org.testng.SuiteRunnerWorker.run(SuiteRunnerWorker.java:96)
at org.testng.TestNG.runSuitesSequentially(TestNG.java:1180)
at org.testng.TestNG.runSuitesLocally(TestNG.java:1102)
at org.testng.TestNG.runSuites(TestNG.java:1032)
at org.testng.TestNG.run(TestNG.java:1000)
at org.testng.remote.AbstractRemoteTestNG.run(AbstractRemoteTestNG.java:115)
at org.testng.remote.RemoteTestNG.initAndRun(RemoteTestNG.java:251)
at org.testng.remote.RemoteTestNG.main(RemoteTestNG.java:77)
]]>
            </full-stacktrace>
          </exception> <!-- org.openqa.selenium.SessionNotCreatedException -->
          <reporter-output>
          </reporter-output>
        </test-method> <!-- testcase7 -->
        <test-method status="PASS" signature="afterMethod()[pri:0, instance:shopclue_testcase@3108bc]" name="afterMethod" is-config="true" duration-ms="0" started-at="2020-05-10T22:34:50 IST" finished-at="2020-05-10T22:34:50 IST">
          <reporter-output>
          </reporter-output>
        </test-method> <!-- afterMethod -->
        <test-method status="PASS" signature="beforeMethod()[pri:0, instance:shopclue_testcase@3108bc]" name="beforeMethod" is-config="true" duration-ms="0" started-at="2020-05-10T22:34:50 IST" finished-at="2020-05-10T22:34:50 IST">
          <reporter-output>
          </reporter-output>
        </test-method> <!-- beforeMethod -->
        <test-method status="FAIL" signature="testcase8()[pri:0, instance:shopclue_testcase@3108bc]" name="testcase8" duration-ms="1687" started-at="2020-05-10T22:34:50 IST" finished-at="2020-05-10T22:34:52 IST">
          <exception class="org.openqa.selenium.SessionNotCreatedException">
            <message>
              <![CDATA[session not created: This version of ChromeDriver only supports Chrome version 79
Build info: version: '3.141.59', revision: 'e82be7d358', time: '2018-11-14T08:25:53'
System info: host: 'OCEAN', ip: '192.168.33.1', os.name: 'Windows 10', os.arch: 'amd64', os.version: '10.0', java.version: '1.8.0_191'
Driver info: driver.version: ChromeDriver
remote stacktrace: Backtrace:
Ordinal0 [0x00B6A113+1548563]
Ordinal0 [0x00AEDDA1+1039777]
Ordinal0 [0x00A6E485+517253]
Ordinal0 [0x009FFD34+64820]
Ordinal0 [0x009FC61E+50718]
Ordinal0 [0x00A1B797+178071]
Ordinal0 [0x00A1B59D+177565]
Ordinal0 [0x00A195FB+169467]
Ordinal0 [0x00A0160A+71178]
Ordinal0 [0x00A02690+75408]
Ordinal0 [0x00A02629+75305]
Ordinal0 [0x00B071B7+1143223]
GetHandleVerifier [0x00C02B46+507814]
GetHandleVerifier [0x00C02864+507076]
GetHandleVerifier [0x00C09F47+537511]
GetHandleVerifier [0x00C03402+510050]
Ordinal0 [0x00AFF29C+1110684]
Ordinal0 [0x00B0938B+1151883]
Ordinal0 [0x00B094F3+1152243]
Ordinal0 [0x00B083F5+1147893]
BaseThreadInitThunk [0x76186359+25]
RtlGetAppContainerNamedObjectPath [0x77E67C14+228]
RtlGetAppContainerNamedObjectPath [0x77E67BE4+180]
]]>
            </message>
            <full-stacktrace>
              <![CDATA[org.openqa.selenium.SessionNotCreatedException: session not created: This version of ChromeDriver only supports Chrome version 79
Build info: version: '3.141.59', revision: 'e82be7d358', time: '2018-11-14T08:25:53'
System info: host: 'OCEAN', ip: '192.168.33.1', os.name: 'Windows 10', os.arch: 'amd64', os.version: '10.0', java.version: '1.8.0_191'
Driver info: driver.version: ChromeDriver
remote stacktrace: Backtrace:
Ordinal0 [0x00B6A113+1548563]
Ordinal0 [0x00AEDDA1+1039777]
Ordinal0 [0x00A6E485+517253]
Ordinal0 [0x009FFD34+64820]
Ordinal0 [0x009FC61E+50718]
Ordinal0 [0x00A1B797+178071]
Ordinal0 [0x00A1B59D+177565]
Ordinal0 [0x00A195FB+169467]
Ordinal0 [0x00A0160A+71178]
Ordinal0 [0x00A02690+75408]
Ordinal0 [0x00A02629+75305]
Ordinal0 [0x00B071B7+1143223]
GetHandleVerifier [0x00C02B46+507814]
GetHandleVerifier [0x00C02864+507076]
GetHandleVerifier [0x00C09F47+537511]
GetHandleVerifier [0x00C03402+510050]
Ordinal0 [0x00AFF29C+1110684]
Ordinal0 [0x00B0938B+1151883]
Ordinal0 [0x00B094F3+1152243]
Ordinal0 [0x00B083F5+1147893]
BaseThreadInitThunk [0x76186359+25]
RtlGetAppContainerNamedObjectPath [0x77E67C14+228]
RtlGetAppContainerNamedObjectPath [0x77E67BE4+180]

at sun.reflect.NativeConstructorAccessorImpl.newInstance0(Native Method)
at sun.reflect.NativeConstructorAccessorImpl.newInstance(NativeConstructorAccessorImpl.java:62)
at sun.reflect.DelegatingConstructorAccessorImpl.newInstance(DelegatingConstructorAccessorImpl.java:45)
at java.lang.reflect.Constructor.newInstance(Constructor.java:423)
at org.openqa.selenium.remote.W3CHandshakeResponse.lambda$errorHandler$0(W3CHandshakeResponse.java:62)
at org.openqa.selenium.remote.HandshakeResponse.lambda$getResponseFunction$0(HandshakeResponse.java:30)
at org.openqa.selenium.remote.ProtocolHandshake.lambda$createSession$0(ProtocolHandshake.java:126)
at java.util.stream.ReferencePipeline$3$1.accept(ReferencePipeline.java:193)
at java.util.Spliterators$ArraySpliterator.tryAdvance(Spliterators.java:958)
at java.util.stream.ReferencePipeline.forEachWithCancel(ReferencePipeline.java:126)
at java.util.stream.AbstractPipeline.copyIntoWithCancel(AbstractPipeline.java:498)
at java.util.stream.AbstractPipeline.copyInto(AbstractPipeline.java:485)
at java.util.stream.AbstractPipeline.wrapAndCopyInto(AbstractPipeline.java:471)
at java.util.stream.FindOps$FindOp.evaluateSequential(FindOps.java:152)
at java.util.stream.AbstractPipeline.evaluate(AbstractPipeline.java:234)
at java.util.stream.ReferencePipeline.findFirst(ReferencePipeline.java:464)
at org.openqa.selenium.remote.ProtocolHandshake.createSession(ProtocolHandshake.java:128)
at org.openqa.selenium.remote.ProtocolHandshake.createSession(ProtocolHandshake.java:74)
at org.openqa.selenium.remote.HttpCommandExecutor.execute(HttpCommandExecutor.java:136)
at org.openqa.selenium.remote.service.DriverCommandExecutor.execute(DriverCommandExecutor.java:83)
at org.openqa.selenium.remote.RemoteWebDriver.execute(RemoteWebDriver.java:552)
at org.openqa.selenium.remote.RemoteWebDriver.startSession(RemoteWebDriver.java:213)
at org.openqa.selenium.remote.RemoteWebDriver.<init>(RemoteWebDriver.java:131)
at org.openqa.selenium.chrome.ChromeDriver.<init>(ChromeDriver.java:181)
at org.openqa.selenium.chrome.ChromeDriver.<init>(ChromeDriver.java:168)
at org.openqa.selenium.chrome.ChromeDriver.<init>(ChromeDriver.java:123)
at shopclue_testcase.testcase8(shopclue_testcase.java:206)
at sun.reflect.NativeMethodAccessorImpl.invoke0(Native Method)
at sun.reflect.NativeMethodAccessorImpl.invoke(NativeMethodAccessorImpl.java:62)
at sun.reflect.DelegatingMethodAccessorImpl.invoke(DelegatingMethodAccessorImpl.java:43)
at java.lang.reflect.Method.invoke(Method.java:498)
at org.testng.internal.MethodInvocationHelper.invokeMethod(MethodInvocationHelper.java:133)
at org.testng.internal.TestInvoker.invokeMethod(TestInvoker.java:584)
at org.testng.internal.TestInvoker.invokeTestMethod(TestInvoker.java:172)
at org.testng.internal.MethodRunner.runInSequence(MethodRunner.java:46)
at org.testng.internal.TestInvoker$MethodInvocationAgent.invoke(TestInvoker.java:804)
at org.testng.internal.TestInvoker.invokeTestMethods(TestInvoker.java:145)
at org.testng.internal.TestMethodWorker.invokeTestMethods(TestMethodWorker.java:146)
at org.testng.internal.TestMethodWorker.run(TestMethodWorker.java:128)
at java.util.ArrayList.forEach(ArrayList.java:1257)
at org.testng.TestRunner.privateRun(TestRunner.java:770)
at org.testng.TestRunner.run(TestRunner.java:591)
at org.testng.SuiteRunner.runTest(SuiteRunner.java:402)
at org.testng.SuiteRunner.runSequentially(SuiteRunner.java:396)
at org.testng.SuiteRunner.privateRun(SuiteRunner.java:355)
at org.testng.SuiteRunner.run(SuiteRunner.java:304)
at org.testng.SuiteRunnerWorker.runSuite(SuiteRunnerWorker.java:53)
at org.testng.SuiteRunnerWorker.run(SuiteRunnerWorker.java:96)
at org.testng.TestNG.runSuitesSequentially(TestNG.java:1180)
at org.testng.TestNG.runSuitesLocally(TestNG.java:1102)
at org.testng.TestNG.runSuites(TestNG.java:1032)
at org.testng.TestNG.run(TestNG.java:1000)
at org.testng.remote.AbstractRemoteTestNG.run(AbstractRemoteTestNG.java:115)
at org.testng.remote.RemoteTestNG.initAndRun(RemoteTestNG.java:251)
at org.testng.remote.RemoteTestNG.main(RemoteTestNG.java:77)
]]>
            </full-stacktrace>
          </exception> <!-- org.openqa.selenium.SessionNotCreatedException -->
          <reporter-output>
          </reporter-output>
        </test-method> <!-- testcase8 -->
        <test-method status="PASS" signature="afterMethod()[pri:0, instance:shopclue_testcase@3108bc]" name="afterMethod" is-config="true" duration-ms="0" started-at="2020-05-10T22:34:52 IST" finished-at="2020-05-10T22:34:52 IST">
          <reporter-output>
          </reporter-output>
        </test-method> <!-- afterMethod -->
        <test-method status="PASS" signature="beforeMethod()[pri:0, instance:shopclue_testcase@3108bc]" name="beforeMethod" is-config="true" duration-ms="2" started-at="2020-05-10T22:34:52 IST" finished-at="2020-05-10T22:34:52 IST">
          <reporter-output>
          </reporter-output>
        </test-method> <!-- beforeMethod -->
        <test-method status="FAIL" signature="testcase9()[pri:0, instance:shopclue_testcase@3108bc]" name="testcase9" duration-ms="1711" started-at="2020-05-10T22:34:52 IST" finished-at="2020-05-10T22:34:53 IST">
          <exception class="org.openqa.selenium.SessionNotCreatedException">
            <message>
              <![CDATA[session not created: This version of ChromeDriver only supports Chrome version 79
Build info: version: '3.141.59', revision: 'e82be7d358', time: '2018-11-14T08:25:53'
System info: host: 'OCEAN', ip: '192.168.33.1', os.name: 'Windows 10', os.arch: 'amd64', os.version: '10.0', java.version: '1.8.0_191'
Driver info: driver.version: ChromeDriver
remote stacktrace: Backtrace:
Ordinal0 [0x00B6A113+1548563]
Ordinal0 [0x00AEDDA1+1039777]
Ordinal0 [0x00A6E485+517253]
Ordinal0 [0x009FFD34+64820]
Ordinal0 [0x009FC61E+50718]
Ordinal0 [0x00A1B797+178071]
Ordinal0 [0x00A1B59D+177565]
Ordinal0 [0x00A195FB+169467]
Ordinal0 [0x00A0160A+71178]
Ordinal0 [0x00A02690+75408]
Ordinal0 [0x00A02629+75305]
Ordinal0 [0x00B071B7+1143223]
GetHandleVerifier [0x00C02B46+507814]
GetHandleVerifier [0x00C02864+507076]
GetHandleVerifier [0x00C09F47+537511]
GetHandleVerifier [0x00C03402+510050]
Ordinal0 [0x00AFF29C+1110684]
Ordinal0 [0x00B0938B+1151883]
Ordinal0 [0x00B094F3+1152243]
Ordinal0 [0x00B083F5+1147893]
BaseThreadInitThunk [0x76186359+25]
RtlGetAppContainerNamedObjectPath [0x77E67C14+228]
RtlGetAppContainerNamedObjectPath [0x77E67BE4+180]
]]>
            </message>
            <full-stacktrace>
              <![CDATA[org.openqa.selenium.SessionNotCreatedException: session not created: This version of ChromeDriver only supports Chrome version 79
Build info: version: '3.141.59', revision: 'e82be7d358', time: '2018-11-14T08:25:53'
System info: host: 'OCEAN', ip: '192.168.33.1', os.name: 'Windows 10', os.arch: 'amd64', os.version: '10.0', java.version: '1.8.0_191'
Driver info: driver.version: ChromeDriver
remote stacktrace: Backtrace:
Ordinal0 [0x00B6A113+1548563]
Ordinal0 [0x00AEDDA1+1039777]
Ordinal0 [0x00A6E485+517253]
Ordinal0 [0x009FFD34+64820]
Ordinal0 [0x009FC61E+50718]
Ordinal0 [0x00A1B797+178071]
Ordinal0 [0x00A1B59D+177565]
Ordinal0 [0x00A195FB+169467]
Ordinal0 [0x00A0160A+71178]
Ordinal0 [0x00A02690+75408]
Ordinal0 [0x00A02629+75305]
Ordinal0 [0x00B071B7+1143223]
GetHandleVerifier [0x00C02B46+507814]
GetHandleVerifier [0x00C02864+507076]
GetHandleVerifier [0x00C09F47+537511]
GetHandleVerifier [0x00C03402+510050]
Ordinal0 [0x00AFF29C+1110684]
Ordinal0 [0x00B0938B+1151883]
Ordinal0 [0x00B094F3+1152243]
Ordinal0 [0x00B083F5+1147893]
BaseThreadInitThunk [0x76186359+25]
RtlGetAppContainerNamedObjectPath [0x77E67C14+228]
RtlGetAppContainerNamedObjectPath [0x77E67BE4+180]

at sun.reflect.NativeConstructorAccessorImpl.newInstance0(Native Method)
at sun.reflect.NativeConstructorAccessorImpl.newInstance(NativeConstructorAccessorImpl.java:62)
at sun.reflect.DelegatingConstructorAccessorImpl.newInstance(DelegatingConstructorAccessorImpl.java:45)
at java.lang.reflect.Constructor.newInstance(Constructor.java:423)
at org.openqa.selenium.remote.W3CHandshakeResponse.lambda$errorHandler$0(W3CHandshakeResponse.java:62)
at org.openqa.selenium.remote.HandshakeResponse.lambda$getResponseFunction$0(HandshakeResponse.java:30)
at org.openqa.selenium.remote.ProtocolHandshake.lambda$createSession$0(ProtocolHandshake.java:126)
at java.util.stream.ReferencePipeline$3$1.accept(ReferencePipeline.java:193)
at java.util.Spliterators$ArraySpliterator.tryAdvance(Spliterators.java:958)
at java.util.stream.ReferencePipeline.forEachWithCancel(ReferencePipeline.java:126)
at java.util.stream.AbstractPipeline.copyIntoWithCancel(AbstractPipeline.java:498)
at java.util.stream.AbstractPipeline.copyInto(AbstractPipeline.java:485)
at java.util.stream.AbstractPipeline.wrapAndCopyInto(AbstractPipeline.java:471)
at java.util.stream.FindOps$FindOp.evaluateSequential(FindOps.java:152)
at java.util.stream.AbstractPipeline.evaluate(AbstractPipeline.java:234)
at java.util.stream.ReferencePipeline.findFirst(ReferencePipeline.java:464)
at org.openqa.selenium.remote.ProtocolHandshake.createSession(ProtocolHandshake.java:128)
at org.openqa.selenium.remote.ProtocolHandshake.createSession(ProtocolHandshake.java:74)
at org.openqa.selenium.remote.HttpCommandExecutor.execute(HttpCommandExecutor.java:136)
at org.openqa.selenium.remote.service.DriverCommandExecutor.execute(DriverCommandExecutor.java:83)
at org.openqa.selenium.remote.RemoteWebDriver.execute(RemoteWebDriver.java:552)
at org.openqa.selenium.remote.RemoteWebDriver.startSession(RemoteWebDriver.java:213)
at org.openqa.selenium.remote.RemoteWebDriver.<init>(RemoteWebDriver.java:131)
at org.openqa.selenium.chrome.ChromeDriver.<init>(ChromeDriver.java:181)
at org.openqa.selenium.chrome.ChromeDriver.<init>(ChromeDriver.java:168)
at org.openqa.selenium.chrome.ChromeDriver.<init>(ChromeDriver.java:123)
at shopclue_testcase.testcase9(shopclue_testcase.java:220)
at sun.reflect.NativeMethodAccessorImpl.invoke0(Native Method)
at sun.reflect.NativeMethodAccessorImpl.invoke(NativeMethodAccessorImpl.java:62)
at sun.reflect.DelegatingMethodAccessorImpl.invoke(DelegatingMethodAccessorImpl.java:43)
at java.lang.reflect.Method.invoke(Method.java:498)
at org.testng.internal.MethodInvocationHelper.invokeMethod(MethodInvocationHelper.java:133)
at org.testng.internal.TestInvoker.invokeMethod(TestInvoker.java:584)
at org.testng.internal.TestInvoker.invokeTestMethod(TestInvoker.java:172)
at org.testng.internal.MethodRunner.runInSequence(MethodRunner.java:46)
at org.testng.internal.TestInvoker$MethodInvocationAgent.invoke(TestInvoker.java:804)
at org.testng.internal.TestInvoker.invokeTestMethods(TestInvoker.java:145)
at org.testng.internal.TestMethodWorker.invokeTestMethods(TestMethodWorker.java:146)
at org.testng.internal.TestMethodWorker.run(TestMethodWorker.java:128)
at java.util.ArrayList.forEach(ArrayList.java:1257)
at org.testng.TestRunner.privateRun(TestRunner.java:770)
at org.testng.TestRunner.run(TestRunner.java:591)
at org.testng.SuiteRunner.runTest(SuiteRunner.java:402)
at org.testng.SuiteRunner.runSequentially(SuiteRunner.java:396)
at org.testng.SuiteRunner.privateRun(SuiteRunner.java:355)
at org.testng.SuiteRunner.run(SuiteRunner.java:304)
at org.testng.SuiteRunnerWorker.runSuite(SuiteRunnerWorker.java:53)
at org.testng.SuiteRunnerWorker.run(SuiteRunnerWorker.java:96)
at org.testng.TestNG.runSuitesSequentially(TestNG.java:1180)
at org.testng.TestNG.runSuitesLocally(TestNG.java:1102)
at org.testng.TestNG.runSuites(TestNG.java:1032)
at org.testng.TestNG.run(TestNG.java:1000)
at org.testng.remote.AbstractRemoteTestNG.run(AbstractRemoteTestNG.java:115)
at org.testng.remote.RemoteTestNG.initAndRun(RemoteTestNG.java:251)
at org.testng.remote.RemoteTestNG.main(RemoteTestNG.java:77)
]]>
            </full-stacktrace>
          </exception> <!-- org.openqa.selenium.SessionNotCreatedException -->
          <reporter-output>
          </reporter-output>
        </test-method> <!-- testcase9 -->
        <test-method status="PASS" signature="afterMethod()[pri:0, instance:shopclue_testcase@3108bc]" name="afterMethod" is-config="true" duration-ms="2" started-at="2020-05-10T22:34:54 IST" finished-at="2020-05-10T22:34:54 IST">
          <reporter-output>
          </reporter-output>
        </test-method> <!-- afterMethod -->
        <test-method status="PASS" signature="beforeMethod()[pri:0, instance:shopclue_testcase@3108bc]" name="beforeMethod" is-config="true" duration-ms="1" started-at="2020-05-10T22:34:54 IST" finished-at="2020-05-10T22:34:54 IST">
          <reporter-output>
          </reporter-output>
        </test-method> <!-- beforeMethod -->
        <test-method status="FAIL" signature="verifyT()[pri:0, instance:shopclue_testcase@3108bc]" name="verifyT" duration-ms="1900" started-at="2020-05-10T22:34:54 IST" finished-at="2020-05-10T22:34:55 IST">
          <exception class="org.openqa.selenium.SessionNotCreatedException">
            <message>
              <![CDATA[session not created: This version of ChromeDriver only supports Chrome version 79
Build info: version: '3.141.59', revision: 'e82be7d358', time: '2018-11-14T08:25:53'
System info: host: 'OCEAN', ip: '192.168.33.1', os.name: 'Windows 10', os.arch: 'amd64', os.version: '10.0', java.version: '1.8.0_191'
Driver info: driver.version: ChromeDriver
remote stacktrace: Backtrace:
Ordinal0 [0x00B6A113+1548563]
Ordinal0 [0x00AEDDA1+1039777]
Ordinal0 [0x00A6E485+517253]
Ordinal0 [0x009FFD34+64820]
Ordinal0 [0x009FC61E+50718]
Ordinal0 [0x00A1B797+178071]
Ordinal0 [0x00A1B59D+177565]
Ordinal0 [0x00A195FB+169467]
Ordinal0 [0x00A0160A+71178]
Ordinal0 [0x00A02690+75408]
Ordinal0 [0x00A02629+75305]
Ordinal0 [0x00B071B7+1143223]
GetHandleVerifier [0x00C02B46+507814]
GetHandleVerifier [0x00C02864+507076]
GetHandleVerifier [0x00C09F47+537511]
GetHandleVerifier [0x00C03402+510050]
Ordinal0 [0x00AFF29C+1110684]
Ordinal0 [0x00B0938B+1151883]
Ordinal0 [0x00B094F3+1152243]
Ordinal0 [0x00B083F5+1147893]
BaseThreadInitThunk [0x76186359+25]
RtlGetAppContainerNamedObjectPath [0x77E67C14+228]
RtlGetAppContainerNamedObjectPath [0x77E67BE4+180]
]]>
            </message>
            <full-stacktrace>
              <![CDATA[org.openqa.selenium.SessionNotCreatedException: session not created: This version of ChromeDriver only supports Chrome version 79
Build info: version: '3.141.59', revision: 'e82be7d358', time: '2018-11-14T08:25:53'
System info: host: 'OCEAN', ip: '192.168.33.1', os.name: 'Windows 10', os.arch: 'amd64', os.version: '10.0', java.version: '1.8.0_191'
Driver info: driver.version: ChromeDriver
remote stacktrace: Backtrace:
Ordinal0 [0x00B6A113+1548563]
Ordinal0 [0x00AEDDA1+1039777]
Ordinal0 [0x00A6E485+517253]
Ordinal0 [0x009FFD34+64820]
Ordinal0 [0x009FC61E+50718]
Ordinal0 [0x00A1B797+178071]
Ordinal0 [0x00A1B59D+177565]
Ordinal0 [0x00A195FB+169467]
Ordinal0 [0x00A0160A+71178]
Ordinal0 [0x00A02690+75408]
Ordinal0 [0x00A02629+75305]
Ordinal0 [0x00B071B7+1143223]
GetHandleVerifier [0x00C02B46+507814]
GetHandleVerifier [0x00C02864+507076]
GetHandleVerifier [0x00C09F47+537511]
GetHandleVerifier [0x00C03402+510050]
Ordinal0 [0x00AFF29C+1110684]
Ordinal0 [0x00B0938B+1151883]
Ordinal0 [0x00B094F3+1152243]
Ordinal0 [0x00B083F5+1147893]
BaseThreadInitThunk [0x76186359+25]
RtlGetAppContainerNamedObjectPath [0x77E67C14+228]
RtlGetAppContainerNamedObjectPath [0x77E67BE4+180]

at sun.reflect.NativeConstructorAccessorImpl.newInstance0(Native Method)
at sun.reflect.NativeConstructorAccessorImpl.newInstance(NativeConstructorAccessorImpl.java:62)
at sun.reflect.DelegatingConstructorAccessorImpl.newInstance(DelegatingConstructorAccessorImpl.java:45)
at java.lang.reflect.Constructor.newInstance(Constructor.java:423)
at org.openqa.selenium.remote.W3CHandshakeResponse.lambda$errorHandler$0(W3CHandshakeResponse.java:62)
at org.openqa.selenium.remote.HandshakeResponse.lambda$getResponseFunction$0(HandshakeResponse.java:30)
at org.openqa.selenium.remote.ProtocolHandshake.lambda$createSession$0(ProtocolHandshake.java:126)
at java.util.stream.ReferencePipeline$3$1.accept(ReferencePipeline.java:193)
at java.util.Spliterators$ArraySpliterator.tryAdvance(Spliterators.java:958)
at java.util.stream.ReferencePipeline.forEachWithCancel(ReferencePipeline.java:126)
at java.util.stream.AbstractPipeline.copyIntoWithCancel(AbstractPipeline.java:498)
at java.util.stream.AbstractPipeline.copyInto(AbstractPipeline.java:485)
at java.util.stream.AbstractPipeline.wrapAndCopyInto(AbstractPipeline.java:471)
at java.util.stream.FindOps$FindOp.evaluateSequential(FindOps.java:152)
at java.util.stream.AbstractPipeline.evaluate(AbstractPipeline.java:234)
at java.util.stream.ReferencePipeline.findFirst(ReferencePipeline.java:464)
at org.openqa.selenium.remote.ProtocolHandshake.createSession(ProtocolHandshake.java:128)
at org.openqa.selenium.remote.ProtocolHandshake.createSession(ProtocolHandshake.java:74)
at org.openqa.selenium.remote.HttpCommandExecutor.execute(HttpCommandExecutor.java:136)
at org.openqa.selenium.remote.service.DriverCommandExecutor.execute(DriverCommandExecutor.java:83)
at org.openqa.selenium.remote.RemoteWebDriver.execute(RemoteWebDriver.java:552)
at org.openqa.selenium.remote.RemoteWebDriver.startSession(RemoteWebDriver.java:213)
at org.openqa.selenium.remote.RemoteWebDriver.<init>(RemoteWebDriver.java:131)
at org.openqa.selenium.chrome.ChromeDriver.<init>(ChromeDriver.java:181)
at org.openqa.selenium.chrome.ChromeDriver.<init>(ChromeDriver.java:168)
at org.openqa.selenium.chrome.ChromeDriver.<init>(ChromeDriver.java:123)
at shopclue_testcase.verifyT(shopclue_testcase.java:44)
at sun.reflect.NativeMethodAccessorImpl.invoke0(Native Method)
at sun.reflect.NativeMethodAccessorImpl.invoke(NativeMethodAccessorImpl.java:62)
at sun.reflect.DelegatingMethodAccessorImpl.invoke(DelegatingMethodAccessorImpl.java:43)
at java.lang.reflect.Method.invoke(Method.java:498)
at org.testng.internal.MethodInvocationHelper.invokeMethod(MethodInvocationHelper.java:133)
at org.testng.internal.TestInvoker.invokeMethod(TestInvoker.java:584)
at org.testng.internal.TestInvoker.invokeTestMethod(TestInvoker.java:172)
at org.testng.internal.MethodRunner.runInSequence(MethodRunner.java:46)
at org.testng.internal.TestInvoker$MethodInvocationAgent.invoke(TestInvoker.java:804)
at org.testng.internal.TestInvoker.invokeTestMethods(TestInvoker.java:145)
at org.testng.internal.TestMethodWorker.invokeTestMethods(TestMethodWorker.java:146)
at org.testng.internal.TestMethodWorker.run(TestMethodWorker.java:128)
at java.util.ArrayList.forEach(ArrayList.java:1257)
at org.testng.TestRunner.privateRun(TestRunner.java:770)
at org.testng.TestRunner.run(TestRunner.java:591)
at org.testng.SuiteRunner.runTest(SuiteRunner.java:402)
at org.testng.SuiteRunner.runSequentially(SuiteRunner.java:396)
at org.testng.SuiteRunner.privateRun(SuiteRunner.java:355)
at org.testng.SuiteRunner.run(SuiteRunner.java:304)
at org.testng.SuiteRunnerWorker.runSuite(SuiteRunnerWorker.java:53)
at org.testng.SuiteRunnerWorker.run(SuiteRunnerWorker.java:96)
at org.testng.TestNG.runSuitesSequentially(TestNG.java:1180)
at org.testng.TestNG.runSuitesLocally(TestNG.java:1102)
at org.testng.TestNG.runSuites(TestNG.java:1032)
at org.testng.TestNG.run(TestNG.java:1000)
at org.testng.remote.AbstractRemoteTestNG.run(AbstractRemoteTestNG.java:115)
at org.testng.remote.RemoteTestNG.initAndRun(RemoteTestNG.java:251)
at org.testng.remote.RemoteTestNG.main(RemoteTestNG.java:77)
]]>
            </full-stacktrace>
          </exception> <!-- org.openqa.selenium.SessionNotCreatedException -->
          <reporter-output>
          </reporter-output>
        </test-method> <!-- verifyT -->
        <test-method status="PASS" signature="afterMethod()[pri:0, instance:shopclue_testcase@3108bc]" name="afterMethod" is-config="true" duration-ms="1" started-at="2020-05-10T22:34:55 IST" finished-at="2020-05-10T22:34:55 IST">
          <reporter-output>
          </reporter-output>
        </test-method> <!-- afterMethod -->
      </class> <!-- shopclue_testcase -->
    </test> <!-- Default test -->
  </suite> <!-- Default suite -->
</testng-results>
